0 info it worked if it ends with ok
1 verbose cli [ 'node', '/usr/local/bin/npm', 'install' ]
2 info using npm@1.4.28
3 info using node@v0.10.36
4 verbose readDependencies using package.json deps
5 verbose install where, deps [ '/Users/cledwyn/Dropbox/code/demos/firebase-intro-presentation',
5 verbose install   [ 'underscore',
5 verbose install     'express',
5 verbose install     'mustache',
5 verbose install     'socket.io',
5 verbose install     'grunt-contrib-qunit',
5 verbose install     'grunt-contrib-jshint',
5 verbose install     'grunt-contrib-cssmin',
5 verbose install     'grunt-contrib-uglify',
5 verbose install     'grunt-contrib-watch',
5 verbose install     'grunt-contrib-sass',
5 verbose install     'grunt-contrib-connect',
5 verbose install     'grunt-zip',
5 verbose install     'grunt' ] ]
6 info preinstall firebase-intro@
7 verbose readDependencies using package.json deps
8 verbose cache add [ 'underscore@~1.5.1', null ]
9 verbose cache add name=undefined spec="underscore@~1.5.1" args=["underscore@~1.5.1",null]
10 verbose parsed url { protocol: null,
10 verbose parsed url   slashes: null,
10 verbose parsed url   auth: null,
10 verbose parsed url   host: null,
10 verbose parsed url   port: null,
10 verbose parsed url   hostname: null,
10 verbose parsed url   hash: null,
10 verbose parsed url   search: null,
10 verbose parsed url   query: null,
10 verbose parsed url   pathname: 'underscore@~1.5.1',
10 verbose parsed url   path: 'underscore@~1.5.1',
10 verbose parsed url   href: 'underscore@~1.5.1' }
11 verbose cache add [ 'express@~2.5.9', null ]
12 verbose cache add name=undefined spec="express@~2.5.9" args=["express@~2.5.9",null]
13 verbose parsed url { protocol: null,
13 verbose parsed url   slashes: null,
13 verbose parsed url   auth: null,
13 verbose parsed url   host: null,
13 verbose parsed url   port: null,
13 verbose parsed url   hostname: null,
13 verbose parsed url   hash: null,
13 verbose parsed url   search: null,
13 verbose parsed url   query: null,
13 verbose parsed url   pathname: 'express@~2.5.9',
13 verbose parsed url   path: 'express@~2.5.9',
13 verbose parsed url   href: 'express@~2.5.9' }
14 verbose cache add name="underscore" spec="~1.5.1" args=["underscore","~1.5.1"]
15 verbose parsed url { protocol: null,
15 verbose parsed url   slashes: null,
15 verbose parsed url   auth: null,
15 verbose parsed url   host: null,
15 verbose parsed url   port: null,
15 verbose parsed url   hostname: null,
15 verbose parsed url   hash: null,
15 verbose parsed url   search: null,
15 verbose parsed url   query: null,
15 verbose parsed url   pathname: '~1.5.1',
15 verbose parsed url   path: '~1.5.1',
15 verbose parsed url   href: '~1.5.1' }
16 verbose addNamed [ 'underscore', '~1.5.1' ]
17 verbose addNamed [ null, '>=1.5.1-0 <1.6.0-0' ]
18 verbose cache add [ 'mustache@~0.7.2', null ]
19 verbose cache add name=undefined spec="mustache@~0.7.2" args=["mustache@~0.7.2",null]
20 verbose parsed url { protocol: null,
20 verbose parsed url   slashes: null,
20 verbose parsed url   auth: null,
20 verbose parsed url   host: null,
20 verbose parsed url   port: null,
20 verbose parsed url   hostname: null,
20 verbose parsed url   hash: null,
20 verbose parsed url   search: null,
20 verbose parsed url   query: null,
20 verbose parsed url   pathname: 'mustache@~0.7.2',
20 verbose parsed url   path: 'mustache@~0.7.2',
20 verbose parsed url   href: 'mustache@~0.7.2' }
21 verbose cache add [ 'socket.io@~0.9.13', null ]
22 verbose cache add name=undefined spec="socket.io@~0.9.13" args=["socket.io@~0.9.13",null]
23 verbose parsed url { protocol: null,
23 verbose parsed url   slashes: null,
23 verbose parsed url   auth: null,
23 verbose parsed url   host: null,
23 verbose parsed url   port: null,
23 verbose parsed url   hostname: null,
23 verbose parsed url   hash: null,
23 verbose parsed url   search: null,
23 verbose parsed url   query: null,
23 verbose parsed url   pathname: 'socket.io@~0.9.13',
23 verbose parsed url   path: 'socket.io@~0.9.13',
23 verbose parsed url   href: 'socket.io@~0.9.13' }
24 verbose cache add name="express" spec="~2.5.9" args=["express","~2.5.9"]
25 verbose parsed url { protocol: null,
25 verbose parsed url   slashes: null,
25 verbose parsed url   auth: null,
25 verbose parsed url   host: null,
25 verbose parsed url   port: null,
25 verbose parsed url   hostname: null,
25 verbose parsed url   hash: null,
25 verbose parsed url   search: null,
25 verbose parsed url   query: null,
25 verbose parsed url   pathname: '~2.5.9',
25 verbose parsed url   path: '~2.5.9',
25 verbose parsed url   href: '~2.5.9' }
26 verbose addNamed [ 'express', '~2.5.9' ]
27 verbose addNamed [ null, '>=2.5.9-0 <2.6.0-0' ]
28 silly lockFile d90b1381-underscore-1-5-1 underscore@~1.5.1
29 verbose lock underscore@~1.5.1 /Users/cledwyn/.npm/d90b1381-underscore-1-5-1.lock
30 silly lockFile 0d367583-express-2-5-9 express@~2.5.9
31 verbose lock express@~2.5.9 /Users/cledwyn/.npm/0d367583-express-2-5-9.lock
32 verbose cache add name="mustache" spec="~0.7.2" args=["mustache","~0.7.2"]
33 verbose parsed url { protocol: null,
33 verbose parsed url   slashes: null,
33 verbose parsed url   auth: null,
33 verbose parsed url   host: null,
33 verbose parsed url   port: null,
33 verbose parsed url   hostname: null,
33 verbose parsed url   hash: null,
33 verbose parsed url   search: null,
33 verbose parsed url   query: null,
33 verbose parsed url   pathname: '~0.7.2',
33 verbose parsed url   path: '~0.7.2',
33 verbose parsed url   href: '~0.7.2' }
34 verbose addNamed [ 'mustache', '~0.7.2' ]
35 verbose addNamed [ null, '>=0.7.2-0 <0.8.0-0' ]
36 silly lockFile 171b84f8-mustache-0-7-2 mustache@~0.7.2
37 verbose lock mustache@~0.7.2 /Users/cledwyn/.npm/171b84f8-mustache-0-7-2.lock
38 verbose cache add [ 'grunt-contrib-qunit@~0.2.2', null ]
39 verbose cache add name=undefined spec="grunt-contrib-qunit@~0.2.2" args=["grunt-contrib-qunit@~0.2.2",null]
40 verbose parsed url { protocol: null,
40 verbose parsed url   slashes: null,
40 verbose parsed url   auth: null,
40 verbose parsed url   host: null,
40 verbose parsed url   port: null,
40 verbose parsed url   hostname: null,
40 verbose parsed url   hash: null,
40 verbose parsed url   search: null,
40 verbose parsed url   query: null,
40 verbose parsed url   pathname: 'grunt-contrib-qunit@~0.2.2',
40 verbose parsed url   path: 'grunt-contrib-qunit@~0.2.2',
40 verbose parsed url   href: 'grunt-contrib-qunit@~0.2.2' }
41 verbose cache add [ 'grunt-contrib-jshint@~0.6.4', null ]
42 verbose cache add name=undefined spec="grunt-contrib-jshint@~0.6.4" args=["grunt-contrib-jshint@~0.6.4",null]
43 verbose parsed url { protocol: null,
43 verbose parsed url   slashes: null,
43 verbose parsed url   auth: null,
43 verbose parsed url   host: null,
43 verbose parsed url   port: null,
43 verbose parsed url   hostname: null,
43 verbose parsed url   hash: null,
43 verbose parsed url   search: null,
43 verbose parsed url   query: null,
43 verbose parsed url   pathname: 'grunt-contrib-jshint@~0.6.4',
43 verbose parsed url   path: 'grunt-contrib-jshint@~0.6.4',
43 verbose parsed url   href: 'grunt-contrib-jshint@~0.6.4' }
44 verbose cache add [ 'grunt-contrib-cssmin@~0.4.1', null ]
45 verbose cache add name=undefined spec="grunt-contrib-cssmin@~0.4.1" args=["grunt-contrib-cssmin@~0.4.1",null]
46 verbose parsed url { protocol: null,
46 verbose parsed url   slashes: null,
46 verbose parsed url   auth: null,
46 verbose parsed url   host: null,
46 verbose parsed url   port: null,
46 verbose parsed url   hostname: null,
46 verbose parsed url   hash: null,
46 verbose parsed url   search: null,
46 verbose parsed url   query: null,
46 verbose parsed url   pathname: 'grunt-contrib-cssmin@~0.4.1',
46 verbose parsed url   path: 'grunt-contrib-cssmin@~0.4.1',
46 verbose parsed url   href: 'grunt-contrib-cssmin@~0.4.1' }
47 verbose cache add name="socket.io" spec="~0.9.13" args=["socket.io","~0.9.13"]
48 verbose parsed url { protocol: null,
48 verbose parsed url   slashes: null,
48 verbose parsed url   auth: null,
48 verbose parsed url   host: null,
48 verbose parsed url   port: null,
48 verbose parsed url   hostname: null,
48 verbose parsed url   hash: null,
48 verbose parsed url   search: null,
48 verbose parsed url   query: null,
48 verbose parsed url   pathname: '~0.9.13',
48 verbose parsed url   path: '~0.9.13',
48 verbose parsed url   href: '~0.9.13' }
49 verbose addNamed [ 'socket.io', '~0.9.13' ]
50 verbose addNamed [ null, '>=0.9.13-0 <0.10.0-0' ]
51 silly lockFile 729f5b40-socket-io-0-9-13 socket.io@~0.9.13
52 verbose lock socket.io@~0.9.13 /Users/cledwyn/.npm/729f5b40-socket-io-0-9-13.lock
53 verbose cache add name="grunt-contrib-qunit" spec="~0.2.2" args=["grunt-contrib-qunit","~0.2.2"]
54 verbose parsed url { protocol: null,
54 verbose parsed url   slashes: null,
54 verbose parsed url   auth: null,
54 verbose parsed url   host: null,
54 verbose parsed url   port: null,
54 verbose parsed url   hostname: null,
54 verbose parsed url   hash: null,
54 verbose parsed url   search: null,
54 verbose parsed url   query: null,
54 verbose parsed url   pathname: '~0.2.2',
54 verbose parsed url   path: '~0.2.2',
54 verbose parsed url   href: '~0.2.2' }
55 verbose addNamed [ 'grunt-contrib-qunit', '~0.2.2' ]
56 verbose addNamed [ null, '>=0.2.2-0 <0.3.0-0' ]
57 silly lockFile 3e48bba4-grunt-contrib-qunit-0-2-2 grunt-contrib-qunit@~0.2.2
58 verbose lock grunt-contrib-qunit@~0.2.2 /Users/cledwyn/.npm/3e48bba4-grunt-contrib-qunit-0-2-2.lock
59 verbose cache add name="grunt-contrib-jshint" spec="~0.6.4" args=["grunt-contrib-jshint","~0.6.4"]
60 verbose parsed url { protocol: null,
60 verbose parsed url   slashes: null,
60 verbose parsed url   auth: null,
60 verbose parsed url   host: null,
60 verbose parsed url   port: null,
60 verbose parsed url   hostname: null,
60 verbose parsed url   hash: null,
60 verbose parsed url   search: null,
60 verbose parsed url   query: null,
60 verbose parsed url   pathname: '~0.6.4',
60 verbose parsed url   path: '~0.6.4',
60 verbose parsed url   href: '~0.6.4' }
61 verbose addNamed [ 'grunt-contrib-jshint', '~0.6.4' ]
62 verbose addNamed [ null, '>=0.6.4-0 <0.7.0-0' ]
63 silly lockFile cd9f4e50-grunt-contrib-jshint-0-6-4 grunt-contrib-jshint@~0.6.4
64 verbose lock grunt-contrib-jshint@~0.6.4 /Users/cledwyn/.npm/cd9f4e50-grunt-contrib-jshint-0-6-4.lock
65 verbose cache add name="grunt-contrib-cssmin" spec="~0.4.1" args=["grunt-contrib-cssmin","~0.4.1"]
66 verbose parsed url { protocol: null,
66 verbose parsed url   slashes: null,
66 verbose parsed url   auth: null,
66 verbose parsed url   host: null,
66 verbose parsed url   port: null,
66 verbose parsed url   hostname: null,
66 verbose parsed url   hash: null,
66 verbose parsed url   search: null,
66 verbose parsed url   query: null,
66 verbose parsed url   pathname: '~0.4.1',
66 verbose parsed url   path: '~0.4.1',
66 verbose parsed url   href: '~0.4.1' }
67 verbose addNamed [ 'grunt-contrib-cssmin', '~0.4.1' ]
68 verbose addNamed [ null, '>=0.4.1-0 <0.5.0-0' ]
69 silly lockFile dc4c5971-grunt-contrib-cssmin-0-4-1 grunt-contrib-cssmin@~0.4.1
70 verbose lock grunt-contrib-cssmin@~0.4.1 /Users/cledwyn/.npm/dc4c5971-grunt-contrib-cssmin-0-4-1.lock
71 verbose cache add [ 'grunt-contrib-uglify@~0.2.4', null ]
72 verbose cache add name=undefined spec="grunt-contrib-uglify@~0.2.4" args=["grunt-contrib-uglify@~0.2.4",null]
73 verbose parsed url { protocol: null,
73 verbose parsed url   slashes: null,
73 verbose parsed url   auth: null,
73 verbose parsed url   host: null,
73 verbose parsed url   port: null,
73 verbose parsed url   hostname: null,
73 verbose parsed url   hash: null,
73 verbose parsed url   search: null,
73 verbose parsed url   query: null,
73 verbose parsed url   pathname: 'grunt-contrib-uglify@~0.2.4',
73 verbose parsed url   path: 'grunt-contrib-uglify@~0.2.4',
73 verbose parsed url   href: 'grunt-contrib-uglify@~0.2.4' }
74 verbose cache add [ 'grunt-contrib-watch@~0.5.3', null ]
75 verbose cache add name=undefined spec="grunt-contrib-watch@~0.5.3" args=["grunt-contrib-watch@~0.5.3",null]
76 verbose parsed url { protocol: null,
76 verbose parsed url   slashes: null,
76 verbose parsed url   auth: null,
76 verbose parsed url   host: null,
76 verbose parsed url   port: null,
76 verbose parsed url   hostname: null,
76 verbose parsed url   hash: null,
76 verbose parsed url   search: null,
76 verbose parsed url   query: null,
76 verbose parsed url   pathname: 'grunt-contrib-watch@~0.5.3',
76 verbose parsed url   path: 'grunt-contrib-watch@~0.5.3',
76 verbose parsed url   href: 'grunt-contrib-watch@~0.5.3' }
77 verbose cache add [ 'grunt-contrib-sass@~0.5.0', null ]
78 verbose cache add name=undefined spec="grunt-contrib-sass@~0.5.0" args=["grunt-contrib-sass@~0.5.0",null]
79 verbose parsed url { protocol: null,
79 verbose parsed url   slashes: null,
79 verbose parsed url   auth: null,
79 verbose parsed url   host: null,
79 verbose parsed url   port: null,
79 verbose parsed url   hostname: null,
79 verbose parsed url   hash: null,
79 verbose parsed url   search: null,
79 verbose parsed url   query: null,
79 verbose parsed url   pathname: 'grunt-contrib-sass@~0.5.0',
79 verbose parsed url   path: 'grunt-contrib-sass@~0.5.0',
79 verbose parsed url   href: 'grunt-contrib-sass@~0.5.0' }
80 verbose cache add [ 'grunt-contrib-connect@~0.4.1', null ]
81 verbose cache add name=undefined spec="grunt-contrib-connect@~0.4.1" args=["grunt-contrib-connect@~0.4.1",null]
82 verbose parsed url { protocol: null,
82 verbose parsed url   slashes: null,
82 verbose parsed url   auth: null,
82 verbose parsed url   host: null,
82 verbose parsed url   port: null,
82 verbose parsed url   hostname: null,
82 verbose parsed url   hash: null,
82 verbose parsed url   search: null,
82 verbose parsed url   query: null,
82 verbose parsed url   pathname: 'grunt-contrib-connect@~0.4.1',
82 verbose parsed url   path: 'grunt-contrib-connect@~0.4.1',
82 verbose parsed url   href: 'grunt-contrib-connect@~0.4.1' }
83 silly addNameRange { name: 'underscore',
83 silly addNameRange   range: '>=1.5.1-0 <1.6.0-0',
83 silly addNameRange   hasData: false }
84 silly addNameRange { name: 'express', range: '>=2.5.9-0 <2.6.0-0', hasData: false }
85 silly addNameRange { name: 'mustache', range: '>=0.7.2-0 <0.8.0-0', hasData: false }
86 verbose cache add name="grunt-contrib-uglify" spec="~0.2.4" args=["grunt-contrib-uglify","~0.2.4"]
87 verbose parsed url { protocol: null,
87 verbose parsed url   slashes: null,
87 verbose parsed url   auth: null,
87 verbose parsed url   host: null,
87 verbose parsed url   port: null,
87 verbose parsed url   hostname: null,
87 verbose parsed url   hash: null,
87 verbose parsed url   search: null,
87 verbose parsed url   query: null,
87 verbose parsed url   pathname: '~0.2.4',
87 verbose parsed url   path: '~0.2.4',
87 verbose parsed url   href: '~0.2.4' }
88 verbose addNamed [ 'grunt-contrib-uglify', '~0.2.4' ]
89 verbose addNamed [ null, '>=0.2.4-0 <0.3.0-0' ]
90 silly lockFile dcf05dfd-grunt-contrib-uglify-0-2-4 grunt-contrib-uglify@~0.2.4
91 verbose lock grunt-contrib-uglify@~0.2.4 /Users/cledwyn/.npm/dcf05dfd-grunt-contrib-uglify-0-2-4.lock
92 verbose cache add name="grunt-contrib-watch" spec="~0.5.3" args=["grunt-contrib-watch","~0.5.3"]
93 verbose parsed url { protocol: null,
93 verbose parsed url   slashes: null,
93 verbose parsed url   auth: null,
93 verbose parsed url   host: null,
93 verbose parsed url   port: null,
93 verbose parsed url   hostname: null,
93 verbose parsed url   hash: null,
93 verbose parsed url   search: null,
93 verbose parsed url   query: null,
93 verbose parsed url   pathname: '~0.5.3',
93 verbose parsed url   path: '~0.5.3',
93 verbose parsed url   href: '~0.5.3' }
94 verbose addNamed [ 'grunt-contrib-watch', '~0.5.3' ]
95 verbose addNamed [ null, '>=0.5.3-0 <0.6.0-0' ]
96 silly lockFile b469febc-grunt-contrib-watch-0-5-3 grunt-contrib-watch@~0.5.3
97 verbose lock grunt-contrib-watch@~0.5.3 /Users/cledwyn/.npm/b469febc-grunt-contrib-watch-0-5-3.lock
98 verbose cache add name="grunt-contrib-sass" spec="~0.5.0" args=["grunt-contrib-sass","~0.5.0"]
99 verbose parsed url { protocol: null,
99 verbose parsed url   slashes: null,
99 verbose parsed url   auth: null,
99 verbose parsed url   host: null,
99 verbose parsed url   port: null,
99 verbose parsed url   hostname: null,
99 verbose parsed url   hash: null,
99 verbose parsed url   search: null,
99 verbose parsed url   query: null,
99 verbose parsed url   pathname: '~0.5.0',
99 verbose parsed url   path: '~0.5.0',
99 verbose parsed url   href: '~0.5.0' }
100 verbose addNamed [ 'grunt-contrib-sass', '~0.5.0' ]
101 verbose addNamed [ null, '>=0.5.0-0 <0.6.0-0' ]
102 silly lockFile 82bfa177-grunt-contrib-sass-0-5-0 grunt-contrib-sass@~0.5.0
103 verbose lock grunt-contrib-sass@~0.5.0 /Users/cledwyn/.npm/82bfa177-grunt-contrib-sass-0-5-0.lock
104 verbose cache add name="grunt-contrib-connect" spec="~0.4.1" args=["grunt-contrib-connect","~0.4.1"]
105 verbose parsed url { protocol: null,
105 verbose parsed url   slashes: null,
105 verbose parsed url   auth: null,
105 verbose parsed url   host: null,
105 verbose parsed url   port: null,
105 verbose parsed url   hostname: null,
105 verbose parsed url   hash: null,
105 verbose parsed url   search: null,
105 verbose parsed url   query: null,
105 verbose parsed url   pathname: '~0.4.1',
105 verbose parsed url   path: '~0.4.1',
105 verbose parsed url   href: '~0.4.1' }
106 verbose addNamed [ 'grunt-contrib-connect', '~0.4.1' ]
107 verbose addNamed [ null, '>=0.4.1-0 <0.5.0-0' ]
108 silly lockFile a96a779c-grunt-contrib-connect-0-4-1 grunt-contrib-connect@~0.4.1
109 verbose lock grunt-contrib-connect@~0.4.1 /Users/cledwyn/.npm/a96a779c-grunt-contrib-connect-0-4-1.lock
110 verbose cache add [ 'grunt-zip@~0.7.0', null ]
111 verbose cache add name=undefined spec="grunt-zip@~0.7.0" args=["grunt-zip@~0.7.0",null]
112 verbose parsed url { protocol: null,
112 verbose parsed url   slashes: null,
112 verbose parsed url   auth: null,
112 verbose parsed url   host: null,
112 verbose parsed url   port: null,
112 verbose parsed url   hostname: null,
112 verbose parsed url   hash: null,
112 verbose parsed url   search: null,
112 verbose parsed url   query: null,
112 verbose parsed url   pathname: 'grunt-zip@~0.7.0',
112 verbose parsed url   path: 'grunt-zip@~0.7.0',
112 verbose parsed url   href: 'grunt-zip@~0.7.0' }
113 verbose cache add [ 'grunt@~0.4.0', null ]
114 verbose cache add name=undefined spec="grunt@~0.4.0" args=["grunt@~0.4.0",null]
115 verbose parsed url { protocol: null,
115 verbose parsed url   slashes: null,
115 verbose parsed url   auth: null,
115 verbose parsed url   host: null,
115 verbose parsed url   port: null,
115 verbose parsed url   hostname: null,
115 verbose parsed url   hash: null,
115 verbose parsed url   search: null,
115 verbose parsed url   query: null,
115 verbose parsed url   pathname: 'grunt@~0.4.0',
115 verbose parsed url   path: 'grunt@~0.4.0',
115 verbose parsed url   href: 'grunt@~0.4.0' }
116 silly addNameRange { name: 'socket.io',
116 silly addNameRange   range: '>=0.9.13-0 <0.10.0-0',
116 silly addNameRange   hasData: false }
117 silly addNameRange { name: 'grunt-contrib-qunit',
117 silly addNameRange   range: '>=0.2.2-0 <0.3.0-0',
117 silly addNameRange   hasData: false }
118 silly addNameRange { name: 'grunt-contrib-jshint',
118 silly addNameRange   range: '>=0.6.4-0 <0.7.0-0',
118 silly addNameRange   hasData: false }
119 silly addNameRange { name: 'grunt-contrib-cssmin',
119 silly addNameRange   range: '>=0.4.1-0 <0.5.0-0',
119 silly addNameRange   hasData: false }
120 verbose cache add name="grunt-zip" spec="~0.7.0" args=["grunt-zip","~0.7.0"]
121 verbose parsed url { protocol: null,
121 verbose parsed url   slashes: null,
121 verbose parsed url   auth: null,
121 verbose parsed url   host: null,
121 verbose parsed url   port: null,
121 verbose parsed url   hostname: null,
121 verbose parsed url   hash: null,
121 verbose parsed url   search: null,
121 verbose parsed url   query: null,
121 verbose parsed url   pathname: '~0.7.0',
121 verbose parsed url   path: '~0.7.0',
121 verbose parsed url   href: '~0.7.0' }
122 verbose addNamed [ 'grunt-zip', '~0.7.0' ]
123 verbose addNamed [ null, '>=0.7.0-0 <0.8.0-0' ]
124 silly lockFile 36198899-grunt-zip-0-7-0 grunt-zip@~0.7.0
125 verbose lock grunt-zip@~0.7.0 /Users/cledwyn/.npm/36198899-grunt-zip-0-7-0.lock
126 verbose cache add name="grunt" spec="~0.4.0" args=["grunt","~0.4.0"]
127 verbose parsed url { protocol: null,
127 verbose parsed url   slashes: null,
127 verbose parsed url   auth: null,
127 verbose parsed url   host: null,
127 verbose parsed url   port: null,
127 verbose parsed url   hostname: null,
127 verbose parsed url   hash: null,
127 verbose parsed url   search: null,
127 verbose parsed url   query: null,
127 verbose parsed url   pathname: '~0.4.0',
127 verbose parsed url   path: '~0.4.0',
127 verbose parsed url   href: '~0.4.0' }
128 verbose addNamed [ 'grunt', '~0.4.0' ]
129 verbose addNamed [ null, '>=0.4.0-0 <0.5.0-0' ]
130 silly lockFile cba964e3-grunt-0-4-0 grunt@~0.4.0
131 verbose lock grunt@~0.4.0 /Users/cledwyn/.npm/cba964e3-grunt-0-4-0.lock
132 verbose request where is /grunt-contrib-qunit
133 verbose request registry https://registry.npmjs.org/
134 verbose request id a8707a886ed7a855
135 verbose url raw /grunt-contrib-qunit
136 verbose url resolving [ 'https://registry.npmjs.org/', './grunt-contrib-qunit' ]
137 verbose url resolved https://registry.npmjs.org/grunt-contrib-qunit
138 verbose request where is https://registry.npmjs.org/grunt-contrib-qunit
139 info trying registry request attempt 1 at 23:28:41
140 http GET https://registry.npmjs.org/grunt-contrib-qunit
141 verbose request where is /grunt-contrib-jshint
142 verbose request registry https://registry.npmjs.org/
143 verbose url raw /grunt-contrib-jshint
144 verbose url resolving [ 'https://registry.npmjs.org/', './grunt-contrib-jshint' ]
145 verbose url resolved https://registry.npmjs.org/grunt-contrib-jshint
146 verbose request where is https://registry.npmjs.org/grunt-contrib-jshint
147 info trying registry request attempt 1 at 23:28:41
148 http GET https://registry.npmjs.org/grunt-contrib-jshint
149 verbose request where is /grunt-contrib-cssmin
150 verbose request registry https://registry.npmjs.org/
151 verbose url raw /grunt-contrib-cssmin
152 verbose url resolving [ 'https://registry.npmjs.org/', './grunt-contrib-cssmin' ]
153 verbose url resolved https://registry.npmjs.org/grunt-contrib-cssmin
154 verbose request where is https://registry.npmjs.org/grunt-contrib-cssmin
155 info trying registry request attempt 1 at 23:28:41
156 http GET https://registry.npmjs.org/grunt-contrib-cssmin
157 silly addNameRange { name: 'grunt-contrib-uglify',
157 silly addNameRange   range: '>=0.2.4-0 <0.3.0-0',
157 silly addNameRange   hasData: false }
158 silly addNameRange { name: 'grunt-contrib-watch',
158 silly addNameRange   range: '>=0.5.3-0 <0.6.0-0',
158 silly addNameRange   hasData: false }
159 silly addNameRange { name: 'grunt-contrib-sass',
159 silly addNameRange   range: '>=0.5.0-0 <0.6.0-0',
159 silly addNameRange   hasData: false }
160 silly addNameRange { name: 'grunt-contrib-connect',
160 silly addNameRange   range: '>=0.4.1-0 <0.5.0-0',
160 silly addNameRange   hasData: false }
161 verbose request where is /grunt-contrib-uglify
162 verbose request registry https://registry.npmjs.org/
163 verbose url raw /grunt-contrib-uglify
164 verbose url resolving [ 'https://registry.npmjs.org/', './grunt-contrib-uglify' ]
165 verbose url resolved https://registry.npmjs.org/grunt-contrib-uglify
166 verbose request where is https://registry.npmjs.org/grunt-contrib-uglify
167 info trying registry request attempt 1 at 23:28:41
168 http GET https://registry.npmjs.org/grunt-contrib-uglify
169 verbose request where is /grunt-contrib-watch
170 verbose request registry https://registry.npmjs.org/
171 verbose url raw /grunt-contrib-watch
172 verbose url resolving [ 'https://registry.npmjs.org/', './grunt-contrib-watch' ]
173 verbose url resolved https://registry.npmjs.org/grunt-contrib-watch
174 verbose request where is https://registry.npmjs.org/grunt-contrib-watch
175 info trying registry request attempt 1 at 23:28:41
176 http GET https://registry.npmjs.org/grunt-contrib-watch
177 verbose request where is /grunt-contrib-sass
178 verbose request registry https://registry.npmjs.org/
179 verbose url raw /grunt-contrib-sass
180 verbose url resolving [ 'https://registry.npmjs.org/', './grunt-contrib-sass' ]
181 verbose url resolved https://registry.npmjs.org/grunt-contrib-sass
182 verbose request where is https://registry.npmjs.org/grunt-contrib-sass
183 info trying registry request attempt 1 at 23:28:41
184 http GET https://registry.npmjs.org/grunt-contrib-sass
185 verbose request where is /grunt-contrib-connect
186 verbose request registry https://registry.npmjs.org/
187 verbose url raw /grunt-contrib-connect
188 verbose url resolving [ 'https://registry.npmjs.org/', './grunt-contrib-connect' ]
189 verbose url resolved https://registry.npmjs.org/grunt-contrib-connect
190 verbose request where is https://registry.npmjs.org/grunt-contrib-connect
191 info trying registry request attempt 1 at 23:28:41
192 http GET https://registry.npmjs.org/grunt-contrib-connect
193 silly addNameRange { name: 'grunt-zip',
193 silly addNameRange   range: '>=0.7.0-0 <0.8.0-0',
193 silly addNameRange   hasData: false }
194 silly addNameRange { name: 'grunt', range: '>=0.4.0-0 <0.5.0-0', hasData: false }
195 verbose request where is /grunt-zip
196 verbose request registry https://registry.npmjs.org/
197 verbose url raw /grunt-zip
198 verbose url resolving [ 'https://registry.npmjs.org/', './grunt-zip' ]
199 verbose url resolved https://registry.npmjs.org/grunt-zip
200 verbose request where is https://registry.npmjs.org/grunt-zip
201 info trying registry request attempt 1 at 23:28:41
202 http GET https://registry.npmjs.org/grunt-zip
203 verbose request where is /grunt
204 verbose request registry https://registry.npmjs.org/
205 verbose url raw /grunt
206 verbose url resolving [ 'https://registry.npmjs.org/', './grunt' ]
207 verbose url resolved https://registry.npmjs.org/grunt
208 verbose request where is https://registry.npmjs.org/grunt
209 info trying registry request attempt 1 at 23:28:41
210 http GET https://registry.npmjs.org/grunt
211 verbose request where is /underscore
212 verbose request registry https://registry.npmjs.org/
213 verbose url raw /underscore
214 verbose url resolving [ 'https://registry.npmjs.org/', './underscore' ]
215 verbose url resolved https://registry.npmjs.org/underscore
216 verbose request where is https://registry.npmjs.org/underscore
217 info trying registry request attempt 1 at 23:28:41
218 verbose etag "BZ7JZ88IAOYT3FOZGHXWY3R52"
219 http GET https://registry.npmjs.org/underscore
220 verbose request where is /mustache
221 verbose request registry https://registry.npmjs.org/
222 verbose url raw /mustache
223 verbose url resolving [ 'https://registry.npmjs.org/', './mustache' ]
224 verbose url resolved https://registry.npmjs.org/mustache
225 verbose request where is https://registry.npmjs.org/mustache
226 info trying registry request attempt 1 at 23:28:41
227 verbose etag "24KS56D5FHCZ8XJZIFV44HQBC"
228 http GET https://registry.npmjs.org/mustache
229 verbose request where is /express
230 verbose request registry https://registry.npmjs.org/
231 verbose url raw /express
232 verbose url resolving [ 'https://registry.npmjs.org/', './express' ]
233 verbose url resolved https://registry.npmjs.org/express
234 verbose request where is https://registry.npmjs.org/express
235 info trying registry request attempt 1 at 23:28:41
236 verbose etag "3ISFZYVT7R3VYM9133ZA2AV2X"
237 http GET https://registry.npmjs.org/express
238 verbose request where is /socket.io
239 verbose request registry https://registry.npmjs.org/
240 verbose url raw /socket.io
241 verbose url resolving [ 'https://registry.npmjs.org/', './socket.io' ]
242 verbose url resolved https://registry.npmjs.org/socket.io
243 verbose request where is https://registry.npmjs.org/socket.io
244 info trying registry request attempt 1 at 23:28:41
245 verbose etag "8RC902SSEZM9VCXFNOYOLTKF1"
246 http GET https://registry.npmjs.org/socket.io
247 http 200 https://registry.npmjs.org/grunt-contrib-jshint
248 silly registry.get cb [ 200,
248 silly registry.get   { server: 'CouchDB/1.5.0 (Erlang OTP/R16B03)',
248 silly registry.get     etag: '"DS75LR7WF5WYJOI7K9HAPJO13"',
248 silly registry.get     'content-type': 'application/json',
248 silly registry.get     'cache-control': 'max-age=60',
248 silly registry.get     'content-length': '61727',
248 silly registry.get     'accept-ranges': 'bytes',
248 silly registry.get     date: 'Thu, 10 Sep 2015 04:28:41 GMT',
248 silly registry.get     via: '1.1 varnish',
248 silly registry.get     age: '22',
248 silly registry.get     connection: 'keep-alive',
248 silly registry.get     'x-served-by': 'cache-dfw1823-DFW',
248 silly registry.get     'x-cache': 'HIT',
248 silly registry.get     'x-cache-hits': '1',
248 silly registry.get     'x-timer': 'S1441859321.467127,VS0,VE0',
248 silly registry.get     vary: 'Accept' } ]
249 silly addNameRange number 2 { name: 'grunt-contrib-jshint',
249 silly addNameRange   range: '>=0.6.4-0 <0.7.0-0',
249 silly addNameRange   hasData: true }
250 silly addNameRange versions [ 'grunt-contrib-jshint',
250 silly addNameRange   [ '0.1.0',
250 silly addNameRange     '0.1.1',
250 silly addNameRange     '0.2.0',
250 silly addNameRange     '0.3.0',
250 silly addNameRange     '0.4.0',
250 silly addNameRange     '0.4.1',
250 silly addNameRange     '0.4.2',
250 silly addNameRange     '0.4.3',
250 silly addNameRange     '0.5.0',
250 silly addNameRange     '0.5.1',
250 silly addNameRange     '0.5.2',
250 silly addNameRange     '0.5.3',
250 silly addNameRange     '0.5.4',
250 silly addNameRange     '0.6.0',
250 silly addNameRange     '0.6.1',
250 silly addNameRange     '0.6.2',
250 silly addNameRange     '0.6.3',
250 silly addNameRange     '0.6.4',
250 silly addNameRange     '0.6.5',
250 silly addNameRange     '0.7.0',
250 silly addNameRange     '0.7.1',
250 silly addNameRange     '0.7.2',
250 silly addNameRange     '0.8.0',
250 silly addNameRange     '0.9.0',
250 silly addNameRange     '0.9.1',
250 silly addNameRange     '0.9.2',
250 silly addNameRange     '0.10.0',
250 silly addNameRange     '0.11.0',
250 silly addNameRange     '0.11.1',
250 silly addNameRange     '0.11.2',
250 silly addNameRange     '0.11.3',
250 silly addNameRange     '0.1.1-rc5',
250 silly addNameRange     '0.1.1-rc6' ] ]
251 verbose addNamed [ 'grunt-contrib-jshint', '0.6.5' ]
252 verbose addNamed [ '0.6.5', '0.6.5' ]
253 silly lockFile d0b3f61f-grunt-contrib-jshint-0-6-5 grunt-contrib-jshint@0.6.5
254 verbose lock grunt-contrib-jshint@0.6.5 /Users/cledwyn/.npm/d0b3f61f-grunt-contrib-jshint-0-6-5.lock
255 silly lockFile cafed715-t-grunt-contrib-jshint-0-6-5-tgz https://registry.npmjs.org/grunt-contrib-jshint/-/grunt-contrib-jshint-0.6.5.tgz
256 verbose lock https://registry.npmjs.org/grunt-contrib-jshint/-/grunt-contrib-jshint-0.6.5.tgz /Users/cledwyn/.npm/cafed715-t-grunt-contrib-jshint-0-6-5-tgz.lock
257 verbose addRemoteTarball [ 'https://registry.npmjs.org/grunt-contrib-jshint/-/grunt-contrib-jshint-0.6.5.tgz',
257 verbose addRemoteTarball   '3afb4676745364cc4a19eee7934c0e06008b566e' ]
258 info retry fetch attempt 1 at 23:28:41
259 verbose fetch to= /var/folders/3t/6651d8gx22s5m5n1k02mt9xm0000gn/T/npm-7110-_QppIzbD/registry.npmjs.org/grunt-contrib-jshint/-/grunt-contrib-jshint-0.6.5.tgz
260 http GET https://registry.npmjs.org/grunt-contrib-jshint/-/grunt-contrib-jshint-0.6.5.tgz
261 http 200 https://registry.npmjs.org/grunt-contrib-qunit
262 silly registry.get cb [ 200,
262 silly registry.get   { server: 'CouchDB/1.5.0 (Erlang OTP/R16B03)',
262 silly registry.get     etag: '"5M6YV3ELI2VW35CIIIM5M43RV"',
262 silly registry.get     'content-type': 'application/json',
262 silly registry.get     'cache-control': 'max-age=60',
262 silly registry.get     'content-length': '35575',
262 silly registry.get     'accept-ranges': 'bytes',
262 silly registry.get     date: 'Thu, 10 Sep 2015 04:28:41 GMT',
262 silly registry.get     via: '1.1 varnish',
262 silly registry.get     age: '0',
262 silly registry.get     connection: 'keep-alive',
262 silly registry.get     'x-served-by': 'cache-dfw1827-DFW',
262 silly registry.get     'x-cache': 'HIT',
262 silly registry.get     'x-cache-hits': '1',
262 silly registry.get     'x-timer': 'S1441859321.465637,VS0,VE188',
262 silly registry.get     vary: 'Accept' } ]
263 silly addNameRange number 2 { name: 'grunt-contrib-qunit',
263 silly addNameRange   range: '>=0.2.2-0 <0.3.0-0',
263 silly addNameRange   hasData: true }
264 silly addNameRange versions [ 'grunt-contrib-qunit',
264 silly addNameRange   [ '0.1.0',
264 silly addNameRange     '0.1.1',
264 silly addNameRange     '0.2.0',
264 silly addNameRange     '0.2.1',
264 silly addNameRange     '0.2.2',
264 silly addNameRange     '0.3.0',
264 silly addNameRange     '0.4.0',
264 silly addNameRange     '0.5.0',
264 silly addNameRange     '0.5.1',
264 silly addNameRange     '0.5.2',
264 silly addNameRange     '0.6.0',
264 silly addNameRange     '0.7.0',
264 silly addNameRange     '0.1.1-rc5',
264 silly addNameRange     '0.1.1-rc6' ] ]
265 verbose addNamed [ 'grunt-contrib-qunit', '0.2.2' ]
266 verbose addNamed [ '0.2.2', '0.2.2' ]
267 silly lockFile b816b757-grunt-contrib-qunit-0-2-2 grunt-contrib-qunit@0.2.2
268 verbose lock grunt-contrib-qunit@0.2.2 /Users/cledwyn/.npm/b816b757-grunt-contrib-qunit-0-2-2.lock
269 silly lockFile 94c9099e-it-grunt-contrib-qunit-0-2-2-tgz https://registry.npmjs.org/grunt-contrib-qunit/-/grunt-contrib-qunit-0.2.2.tgz
270 verbose lock https://registry.npmjs.org/grunt-contrib-qunit/-/grunt-contrib-qunit-0.2.2.tgz /Users/cledwyn/.npm/94c9099e-it-grunt-contrib-qunit-0-2-2-tgz.lock
271 verbose addRemoteTarball [ 'https://registry.npmjs.org/grunt-contrib-qunit/-/grunt-contrib-qunit-0.2.2.tgz',
271 verbose addRemoteTarball   '8fbcea05f24b9d756b983e409d5b4c32be7f1f08' ]
272 info retry fetch attempt 1 at 23:28:41
273 verbose fetch to= /var/folders/3t/6651d8gx22s5m5n1k02mt9xm0000gn/T/npm-7110-_QppIzbD/registry.npmjs.org/grunt-contrib-qunit/-/grunt-contrib-qunit-0.2.2.tgz
274 http GET https://registry.npmjs.org/grunt-contrib-qunit/-/grunt-contrib-qunit-0.2.2.tgz
275 http 200 https://registry.npmjs.org/grunt-contrib-uglify
276 silly registry.get cb [ 200,
276 silly registry.get   { server: 'CouchDB/1.5.0 (Erlang OTP/R16B03)',
276 silly registry.get     etag: '"2LV4EDDE2PK7BTAYQVOQ4YLGZ"',
276 silly registry.get     'content-type': 'application/json',
276 silly registry.get     'cache-control': 'max-age=60',
276 silly registry.get     'content-length': '68065',
276 silly registry.get     'accept-ranges': 'bytes',
276 silly registry.get     date: 'Thu, 10 Sep 2015 04:28:41 GMT',
276 silly registry.get     via: '1.1 varnish',
276 silly registry.get     age: '22',
276 silly registry.get     connection: 'keep-alive',
276 silly registry.get     'x-served-by': 'cache-dfw1832-DFW',
276 silly registry.get     'x-cache': 'HIT',
276 silly registry.get     'x-cache-hits': '32',
276 silly registry.get     'x-timer': 'S1441859321.488333,VS0,VE0',
276 silly registry.get     vary: 'Accept' } ]
277 silly addNameRange number 2 { name: 'grunt-contrib-uglify',
277 silly addNameRange   range: '>=0.2.4-0 <0.3.0-0',
277 silly addNameRange   hasData: true }
278 silly addNameRange versions [ 'grunt-contrib-uglify',
278 silly addNameRange   [ '0.1.0',
278 silly addNameRange     '0.1.1',
278 silly addNameRange     '0.1.2',
278 silly addNameRange     '0.2.0',
278 silly addNameRange     '0.2.1',
278 silly addNameRange     '0.2.2',
278 silly addNameRange     '0.2.3',
278 silly addNameRange     '0.2.4',
278 silly addNameRange     '0.2.5',
278 silly addNameRange     '0.2.6',
278 silly addNameRange     '0.2.7',
278 silly addNameRange     '0.3.0',
278 silly addNameRange     '0.3.1',
278 silly addNameRange     '0.1.1-rc5',
278 silly addNameRange     '0.1.1-rc6',
278 silly addNameRange     '0.3.2',
278 silly addNameRange     '0.3.3',
278 silly addNameRange     '0.4.0',
278 silly addNameRange     '0.5.0',
278 silly addNameRange     '0.4.1',
278 silly addNameRange     '0.5.1',
278 silly addNameRange     '0.6.0',
278 silly addNameRange     '0.7.0',
278 silly addNameRange     '0.8.0',
278 silly addNameRange     '0.8.1',
278 silly addNameRange     '0.9.0',
278 silly addNameRange     '0.9.1',
278 silly addNameRange     '0.9.2' ] ]
279 verbose addNamed [ 'grunt-contrib-uglify', '0.2.7' ]
280 verbose addNamed [ '0.2.7', '0.2.7' ]
281 silly lockFile 480328f6-grunt-contrib-uglify-0-2-7 grunt-contrib-uglify@0.2.7
282 verbose lock grunt-contrib-uglify@0.2.7 /Users/cledwyn/.npm/480328f6-grunt-contrib-uglify-0-2-7.lock
283 silly lockFile 90f282d3-y-grunt-contrib-uglify-0-2-7-tgz https://registry.npmjs.org/grunt-contrib-uglify/-/grunt-contrib-uglify-0.2.7.tgz
284 verbose lock https://registry.npmjs.org/grunt-contrib-uglify/-/grunt-contrib-uglify-0.2.7.tgz /Users/cledwyn/.npm/90f282d3-y-grunt-contrib-uglify-0-2-7-tgz.lock
285 verbose addRemoteTarball [ 'https://registry.npmjs.org/grunt-contrib-uglify/-/grunt-contrib-uglify-0.2.7.tgz',
285 verbose addRemoteTarball   'e6bda51e0c40a1459f6cead423c65efd725a1bf7' ]
286 info retry fetch attempt 1 at 23:28:41
287 verbose fetch to= /var/folders/3t/6651d8gx22s5m5n1k02mt9xm0000gn/T/npm-7110-_QppIzbD/registry.npmjs.org/grunt-contrib-uglify/-/grunt-contrib-uglify-0.2.7.tgz
288 http GET https://registry.npmjs.org/grunt-contrib-uglify/-/grunt-contrib-uglify-0.2.7.tgz
289 http 200 https://registry.npmjs.org/grunt-contrib-cssmin
290 silly registry.get cb [ 200,
290 silly registry.get   { server: 'CouchDB/1.5.0 (Erlang OTP/R16B03)',
290 silly registry.get     etag: '"62DJO6K4M23Y6A5EKSBC00Q5T"',
290 silly registry.get     'content-type': 'application/json',
290 silly registry.get     'cache-control': 'max-age=60',
290 silly registry.get     'content-length': '37696',
290 silly registry.get     'accept-ranges': 'bytes',
290 silly registry.get     date: 'Thu, 10 Sep 2015 04:28:41 GMT',
290 silly registry.get     via: '1.1 varnish',
290 silly registry.get     age: '0',
290 silly registry.get     connection: 'keep-alive',
290 silly registry.get     'x-served-by': 'cache-dfw1823-DFW',
290 silly registry.get     'x-cache': 'HIT',
290 silly registry.get     'x-cache-hits': '1',
290 silly registry.get     'x-timer': 'S1441859321.467123,VS0,VE275',
290 silly registry.get     vary: 'Accept' } ]
291 silly addNameRange number 2 { name: 'grunt-contrib-cssmin',
291 silly addNameRange   range: '>=0.4.1-0 <0.5.0-0',
291 silly addNameRange   hasData: true }
292 silly addNameRange versions [ 'grunt-contrib-cssmin',
292 silly addNameRange   [ '0.4.0',
292 silly addNameRange     '0.4.1',
292 silly addNameRange     '0.4.2',
292 silly addNameRange     '0.5.0',
292 silly addNameRange     '0.6.0',
292 silly addNameRange     '0.6.1',
292 silly addNameRange     '0.6.2',
292 silly addNameRange     '0.7.0',
292 silly addNameRange     '0.8.0',
292 silly addNameRange     '0.9.0',
292 silly addNameRange     '0.10.0',
292 silly addNameRange     '0.11.0',
292 silly addNameRange     '0.12.0',
292 silly addNameRange     '0.12.1',
292 silly addNameRange     '0.12.2',
292 silly addNameRange     '0.12.3',
292 silly addNameRange     '0.13.0' ] ]
293 verbose addNamed [ 'grunt-contrib-cssmin', '0.4.2' ]
294 verbose addNamed [ '0.4.2', '0.4.2' ]
295 silly lockFile 68f607db-grunt-contrib-cssmin-0-4-2 grunt-contrib-cssmin@0.4.2
296 verbose lock grunt-contrib-cssmin@0.4.2 /Users/cledwyn/.npm/68f607db-grunt-contrib-cssmin-0-4-2.lock
297 silly lockFile dcabad90-n-grunt-contrib-cssmin-0-4-2-tgz https://registry.npmjs.org/grunt-contrib-cssmin/-/grunt-contrib-cssmin-0.4.2.tgz
298 verbose lock https://registry.npmjs.org/grunt-contrib-cssmin/-/grunt-contrib-cssmin-0.4.2.tgz /Users/cledwyn/.npm/dcabad90-n-grunt-contrib-cssmin-0-4-2-tgz.lock
299 verbose addRemoteTarball [ 'https://registry.npmjs.org/grunt-contrib-cssmin/-/grunt-contrib-cssmin-0.4.2.tgz',
299 verbose addRemoteTarball   '9df57c5958328a22f847fb01ccc4f4705a695c5c' ]
300 info retry fetch attempt 1 at 23:28:41
301 verbose fetch to= /var/folders/3t/6651d8gx22s5m5n1k02mt9xm0000gn/T/npm-7110-_QppIzbD/registry.npmjs.org/grunt-contrib-cssmin/-/grunt-contrib-cssmin-0.4.2.tgz
302 http GET https://registry.npmjs.org/grunt-contrib-cssmin/-/grunt-contrib-cssmin-0.4.2.tgz
303 http 200 https://registry.npmjs.org/grunt-contrib-watch
304 silly registry.get cb [ 200,
304 silly registry.get   { server: 'CouchDB/1.5.0 (Erlang OTP/R16B03)',
304 silly registry.get     etag: '"8JIUAOITMGY020WXIKKRY14DG"',
304 silly registry.get     'content-type': 'application/json',
304 silly registry.get     'cache-control': 'max-age=60',
304 silly registry.get     'content-length': '58952',
304 silly registry.get     'accept-ranges': 'bytes',
304 silly registry.get     date: 'Thu, 10 Sep 2015 04:28:41 GMT',
304 silly registry.get     via: '1.1 varnish',
304 silly registry.get     age: '0',
304 silly registry.get     connection: 'keep-alive',
304 silly registry.get     'x-served-by': 'cache-dfw1824-DFW',
304 silly registry.get     'x-cache': 'HIT',
304 silly registry.get     'x-cache-hits': '1',
304 silly registry.get     'x-timer': 'S1441859321.491686,VS0,VE271',
304 silly registry.get     vary: 'Accept' } ]
305 silly addNameRange number 2 { name: 'grunt-contrib-watch',
305 silly addNameRange   range: '>=0.5.3-0 <0.6.0-0',
305 silly addNameRange   hasData: true }
306 silly addNameRange versions [ 'grunt-contrib-watch',
306 silly addNameRange   [ '0.1.0',
306 silly addNameRange     '0.1.1',
306 silly addNameRange     '0.1.2',
306 silly addNameRange     '0.1.3',
306 silly addNameRange     '0.1.4',
306 silly addNameRange     '0.2.0',
306 silly addNameRange     '0.3.0',
306 silly addNameRange     '0.3.1',
306 silly addNameRange     '0.4.0',
306 silly addNameRange     '0.4.1',
306 silly addNameRange     '0.4.2',
306 silly addNameRange     '0.4.3',
306 silly addNameRange     '0.4.4',
306 silly addNameRange     '0.5.0',
306 silly addNameRange     '0.5.1',
306 silly addNameRange     '0.5.2',
306 silly addNameRange     '0.5.3',
306 silly addNameRange     '0.6.0',
306 silly addNameRange     '0.6.1',
306 silly addNameRange     '0.2.0-a',
306 silly addNameRange     '0.2.0-rc5',
306 silly addNameRange     '0.2.0-rc7' ] ]
307 verbose addNamed [ 'grunt-contrib-watch', '0.5.3' ]
308 verbose addNamed [ '0.5.3', '0.5.3' ]
309 silly lockFile d70d7cec-grunt-contrib-watch-0-5-3 grunt-contrib-watch@0.5.3
310 verbose lock grunt-contrib-watch@0.5.3 /Users/cledwyn/.npm/d70d7cec-grunt-contrib-watch-0-5-3.lock
311 silly lockFile 5dca6013-ch-grunt-contrib-watch-0-5-3-tgz https://registry.npmjs.org/grunt-contrib-watch/-/grunt-contrib-watch-0.5.3.tgz
312 verbose lock https://registry.npmjs.org/grunt-contrib-watch/-/grunt-contrib-watch-0.5.3.tgz /Users/cledwyn/.npm/5dca6013-ch-grunt-contrib-watch-0-5-3-tgz.lock
313 verbose addRemoteTarball [ 'https://registry.npmjs.org/grunt-contrib-watch/-/grunt-contrib-watch-0.5.3.tgz',
313 verbose addRemoteTarball   '7d9eb5465d506fa14faaca47e6e8790a82c1c9ee' ]
314 info retry fetch attempt 1 at 23:28:42
315 verbose fetch to= /var/folders/3t/6651d8gx22s5m5n1k02mt9xm0000gn/T/npm-7110-_QppIzbD/registry.npmjs.org/grunt-contrib-watch/-/grunt-contrib-watch-0.5.3.tgz
316 http GET https://registry.npmjs.org/grunt-contrib-watch/-/grunt-contrib-watch-0.5.3.tgz
317 http 200 https://registry.npmjs.org/grunt-contrib-jshint/-/grunt-contrib-jshint-0.6.5.tgz
318 silly lockFile cafed715-t-grunt-contrib-jshint-0-6-5-tgz https://registry.npmjs.org/grunt-contrib-jshint/-/grunt-contrib-jshint-0.6.5.tgz
319 silly lockFile cafed715-t-grunt-contrib-jshint-0-6-5-tgz https://registry.npmjs.org/grunt-contrib-jshint/-/grunt-contrib-jshint-0.6.5.tgz
320 silly lockFile d0b3f61f-grunt-contrib-jshint-0-6-5 grunt-contrib-jshint@0.6.5
321 silly lockFile d0b3f61f-grunt-contrib-jshint-0-6-5 grunt-contrib-jshint@0.6.5
322 silly lockFile cd9f4e50-grunt-contrib-jshint-0-6-4 grunt-contrib-jshint@~0.6.4
323 silly lockFile cd9f4e50-grunt-contrib-jshint-0-6-4 grunt-contrib-jshint@~0.6.4
324 http 200 https://registry.npmjs.org/grunt-contrib-sass
325 silly registry.get cb [ 200,
325 silly registry.get   { server: 'CouchDB/1.5.0 (Erlang OTP/R16B03)',
325 silly registry.get     etag: '"8NJ90QLU7LGL0HOUEIHAPEVW9"',
325 silly registry.get     'content-type': 'application/json',
325 silly registry.get     'cache-control': 'max-age=60',
325 silly registry.get     'content-length': '45811',
325 silly registry.get     'accept-ranges': 'bytes',
325 silly registry.get     date: 'Thu, 10 Sep 2015 04:28:41 GMT',
325 silly registry.get     via: '1.1 varnish',
325 silly registry.get     age: '0',
325 silly registry.get     connection: 'keep-alive',
325 silly registry.get     'x-served-by': 'cache-dfw1823-DFW',
325 silly registry.get     'x-cache': 'HIT',
325 silly registry.get     'x-cache-hits': '1',
325 silly registry.get     'x-timer': 'S1441859321.702706,VS0,VE266',
325 silly registry.get     vary: 'Accept' } ]
326 silly addNameRange number 2 { name: 'grunt-contrib-sass',
326 silly addNameRange   range: '>=0.5.0-0 <0.6.0-0',
326 silly addNameRange   hasData: true }
327 silly addNameRange versions [ 'grunt-contrib-sass',
327 silly addNameRange   [ '0.1.0',
327 silly addNameRange     '0.1.1',
327 silly addNameRange     '0.1.2',
327 silly addNameRange     '0.1.3',
327 silly addNameRange     '0.2.0',
327 silly addNameRange     '0.2.1',
327 silly addNameRange     '0.2.2',
327 silly addNameRange     '0.3.0',
327 silly addNameRange     '0.4.0',
327 silly addNameRange     '0.4.1',
327 silly addNameRange     '0.5.0',
327 silly addNameRange     '0.5.1',
327 silly addNameRange     '0.6.0',
327 silly addNameRange     '0.2.2-rc7',
327 silly addNameRange     '0.7.0',
327 silly addNameRange     '0.7.1',
327 silly addNameRange     '0.7.2',
327 silly addNameRange     '0.7.3',
327 silly addNameRange     '0.7.4',
327 silly addNameRange     '0.8.0',
327 silly addNameRange     '0.8.1',
327 silly addNameRange     '0.9.0',
327 silly addNameRange     '0.9.1',
327 silly addNameRange     '0.9.2' ] ]
328 verbose addNamed [ 'grunt-contrib-sass', '0.5.1' ]
329 verbose addNamed [ '0.5.1', '0.5.1' ]
330 silly lockFile 70d84c29-grunt-contrib-sass-0-5-1 grunt-contrib-sass@0.5.1
331 verbose lock grunt-contrib-sass@0.5.1 /Users/cledwyn/.npm/70d84c29-grunt-contrib-sass-0-5-1.lock
332 silly lockFile 39d3a2d5-ass-grunt-contrib-sass-0-5-1-tgz https://registry.npmjs.org/grunt-contrib-sass/-/grunt-contrib-sass-0.5.1.tgz
333 verbose lock https://registry.npmjs.org/grunt-contrib-sass/-/grunt-contrib-sass-0.5.1.tgz /Users/cledwyn/.npm/39d3a2d5-ass-grunt-contrib-sass-0-5-1-tgz.lock
334 verbose addRemoteTarball [ 'https://registry.npmjs.org/grunt-contrib-sass/-/grunt-contrib-sass-0.5.1.tgz',
334 verbose addRemoteTarball   'dcee6245183f21b2a2087948e17b513b0a5adc5f' ]
335 http 200 https://registry.npmjs.org/underscore
336 silly registry.get cb [ 200,
336 silly registry.get   { server: 'CouchDB/1.5.0 (Erlang OTP/R16B03)',
336 silly registry.get     etag: '"3SAN6PYMF4WX7LQZH81QT42RD"',
336 silly registry.get     'content-type': 'application/json',
336 silly registry.get     'cache-control': 'max-age=60',
336 silly registry.get     'content-length': '41258',
336 silly registry.get     'accept-ranges': 'bytes',
336 silly registry.get     date: 'Thu, 10 Sep 2015 04:28:41 GMT',
336 silly registry.get     via: '1.1 varnish',
336 silly registry.get     age: '24',
336 silly registry.get     connection: 'keep-alive',
336 silly registry.get     'x-served-by': 'cache-dfw1824-DFW',
336 silly registry.get     'x-cache': 'HIT',
336 silly registry.get     'x-cache-hits': '1',
336 silly registry.get     'x-timer': 'S1441859321.977597,VS0,VE0',
336 silly registry.get     vary: 'Accept' } ]
337 info retry fetch attempt 1 at 23:28:42
338 verbose fetch to= /var/folders/3t/6651d8gx22s5m5n1k02mt9xm0000gn/T/npm-7110-_QppIzbD/registry.npmjs.org/grunt-contrib-sass/-/grunt-contrib-sass-0.5.1.tgz
339 http GET https://registry.npmjs.org/grunt-contrib-sass/-/grunt-contrib-sass-0.5.1.tgz
340 silly addNameRange number 2 { name: 'underscore',
340 silly addNameRange   range: '>=1.5.1-0 <1.6.0-0',
340 silly addNameRange   hasData: true }
341 silly addNameRange versions [ 'underscore',
341 silly addNameRange   [ '1.0.3',
341 silly addNameRange     '1.0.4',
341 silly addNameRange     '1.1.0',
341 silly addNameRange     '1.1.1',
341 silly addNameRange     '1.1.2',
341 silly addNameRange     '1.1.3',
341 silly addNameRange     '1.1.4',
341 silly addNameRange     '1.1.5',
341 silly addNameRange     '1.1.6',
341 silly addNameRange     '1.1.7',
341 silly addNameRange     '1.2.0',
341 silly addNameRange     '1.2.1',
341 silly addNameRange     '1.2.2',
341 silly addNameRange     '1.2.3',
341 silly addNameRange     '1.2.4',
341 silly addNameRange     '1.3.0',
341 silly addNameRange     '1.3.1',
341 silly addNameRange     '1.3.2',
341 silly addNameRange     '1.3.3',
341 silly addNameRange     '1.4.0',
341 silly addNameRange     '1.4.1',
341 silly addNameRange     '1.4.2',
341 silly addNameRange     '1.4.3',
341 silly addNameRange     '1.4.4',
341 silly addNameRange     '1.5.0',
341 silly addNameRange     '1.5.1',
341 silly addNameRange     '1.5.2',
341 silly addNameRange     '1.6.0',
341 silly addNameRange     '1.7.0',
341 silly addNameRange     '1.8.0',
341 silly addNameRange     '1.8.1',
341 silly addNameRange     '1.8.2',
341 silly addNameRange     '1.8.3' ] ]
342 verbose addNamed [ 'underscore', '1.5.2' ]
343 verbose addNamed [ '1.5.2', '1.5.2' ]
344 silly lockFile 669f6cbc-underscore-1-5-2 underscore@1.5.2
345 verbose lock underscore@1.5.2 /Users/cledwyn/.npm/669f6cbc-underscore-1-5-2.lock
346 silly lockFile 6b9ebfa0--underscore-underscore-1-5-2-tgz https://registry.npmjs.org/underscore/-/underscore-1.5.2.tgz
347 verbose lock https://registry.npmjs.org/underscore/-/underscore-1.5.2.tgz /Users/cledwyn/.npm/6b9ebfa0--underscore-underscore-1-5-2-tgz.lock
348 verbose addRemoteTarball [ 'https://registry.npmjs.org/underscore/-/underscore-1.5.2.tgz',
348 verbose addRemoteTarball   '1335c5e4f5e6d33bbb4b006ba8c86a00f556de08' ]
349 info retry fetch attempt 1 at 23:28:42
350 verbose fetch to= /var/folders/3t/6651d8gx22s5m5n1k02mt9xm0000gn/T/npm-7110-_QppIzbD/registry.npmjs.org/underscore/-/underscore-1.5.2.tgz
351 http GET https://registry.npmjs.org/underscore/-/underscore-1.5.2.tgz
352 http 200 https://registry.npmjs.org/grunt-contrib-qunit/-/grunt-contrib-qunit-0.2.2.tgz
353 silly lockFile 94c9099e-it-grunt-contrib-qunit-0-2-2-tgz https://registry.npmjs.org/grunt-contrib-qunit/-/grunt-contrib-qunit-0.2.2.tgz
354 silly lockFile 94c9099e-it-grunt-contrib-qunit-0-2-2-tgz https://registry.npmjs.org/grunt-contrib-qunit/-/grunt-contrib-qunit-0.2.2.tgz
355 silly lockFile b816b757-grunt-contrib-qunit-0-2-2 grunt-contrib-qunit@0.2.2
356 silly lockFile b816b757-grunt-contrib-qunit-0-2-2 grunt-contrib-qunit@0.2.2
357 silly lockFile 3e48bba4-grunt-contrib-qunit-0-2-2 grunt-contrib-qunit@~0.2.2
358 silly lockFile 3e48bba4-grunt-contrib-qunit-0-2-2 grunt-contrib-qunit@~0.2.2
359 http 200 https://registry.npmjs.org/grunt-contrib-connect
360 silly registry.get cb [ 200,
360 silly registry.get   { server: 'CouchDB/1.5.0 (Erlang OTP/R16B03)',
360 silly registry.get     etag: '"3FB9B1MTCUX5H0ZAH8EIXNY0P"',
360 silly registry.get     'content-type': 'application/json',
360 silly registry.get     'cache-control': 'max-age=60',
360 silly registry.get     'content-length': '53463',
360 silly registry.get     'accept-ranges': 'bytes',
360 silly registry.get     date: 'Thu, 10 Sep 2015 04:28:42 GMT',
360 silly registry.get     via: '1.1 varnish',
360 silly registry.get     age: '0',
360 silly registry.get     connection: 'keep-alive',
360 silly registry.get     'x-served-by': 'cache-dfw1827-DFW',
360 silly registry.get     'x-cache': 'HIT',
360 silly registry.get     'x-cache-hits': '1',
360 silly registry.get     'x-timer': 'S1441859321.801621,VS0,VE243',
360 silly registry.get     vary: 'Accept' } ]
361 silly addNameRange number 2 { name: 'grunt-contrib-connect',
361 silly addNameRange   range: '>=0.4.1-0 <0.5.0-0',
361 silly addNameRange   hasData: true }
362 silly addNameRange versions [ 'grunt-contrib-connect',
362 silly addNameRange   [ '0.1.0',
362 silly addNameRange     '0.1.1',
362 silly addNameRange     '0.1.2',
362 silly addNameRange     '0.2.0',
362 silly addNameRange     '0.3.0',
362 silly addNameRange     '0.4.0',
362 silly addNameRange     '0.4.1',
362 silly addNameRange     '0.4.2',
362 silly addNameRange     '0.5.0',
362 silly addNameRange     '0.6.0',
362 silly addNameRange     '0.7.0',
362 silly addNameRange     '0.7.1',
362 silly addNameRange     '0.8.0',
362 silly addNameRange     '0.9.0',
362 silly addNameRange     '0.10.0',
362 silly addNameRange     '0.10.1',
362 silly addNameRange     '0.11.0',
362 silly addNameRange     '0.11.1',
362 silly addNameRange     '0.11.2',
362 silly addNameRange     '0.1.1-rc6' ] ]
363 verbose addNamed [ 'grunt-contrib-connect', '0.4.2' ]
364 verbose addNamed [ '0.4.2', '0.4.2' ]
365 silly lockFile c09f1520-grunt-contrib-connect-0-4-2 grunt-contrib-connect@0.4.2
366 verbose lock grunt-contrib-connect@0.4.2 /Users/cledwyn/.npm/c09f1520-grunt-contrib-connect-0-4-2.lock
367 silly lockFile 0b72f57c--grunt-contrib-connect-0-4-2-tgz https://registry.npmjs.org/grunt-contrib-connect/-/grunt-contrib-connect-0.4.2.tgz
368 verbose lock https://registry.npmjs.org/grunt-contrib-connect/-/grunt-contrib-connect-0.4.2.tgz /Users/cledwyn/.npm/0b72f57c--grunt-contrib-connect-0-4-2-tgz.lock
369 verbose addRemoteTarball [ 'https://registry.npmjs.org/grunt-contrib-connect/-/grunt-contrib-connect-0.4.2.tgz',
369 verbose addRemoteTarball   'fec2e7110d02923bfe9c7ccadadaedc2e06943ef' ]
370 info retry fetch attempt 1 at 23:28:42
371 verbose fetch to= /var/folders/3t/6651d8gx22s5m5n1k02mt9xm0000gn/T/npm-7110-_QppIzbD/registry.npmjs.org/grunt-contrib-connect/-/grunt-contrib-connect-0.4.2.tgz
372 http GET https://registry.npmjs.org/grunt-contrib-connect/-/grunt-contrib-connect-0.4.2.tgz
373 http 200 https://registry.npmjs.org/grunt-contrib-uglify/-/grunt-contrib-uglify-0.2.7.tgz
374 silly lockFile 90f282d3-y-grunt-contrib-uglify-0-2-7-tgz https://registry.npmjs.org/grunt-contrib-uglify/-/grunt-contrib-uglify-0.2.7.tgz
375 silly lockFile 90f282d3-y-grunt-contrib-uglify-0-2-7-tgz https://registry.npmjs.org/grunt-contrib-uglify/-/grunt-contrib-uglify-0.2.7.tgz
376 silly lockFile 480328f6-grunt-contrib-uglify-0-2-7 grunt-contrib-uglify@0.2.7
377 silly lockFile 480328f6-grunt-contrib-uglify-0-2-7 grunt-contrib-uglify@0.2.7
378 silly lockFile dcf05dfd-grunt-contrib-uglify-0-2-4 grunt-contrib-uglify@~0.2.4
379 silly lockFile dcf05dfd-grunt-contrib-uglify-0-2-4 grunt-contrib-uglify@~0.2.4
380 http 200 https://registry.npmjs.org/underscore/-/underscore-1.5.2.tgz
381 http 200 https://registry.npmjs.org/grunt-zip
382 silly registry.get cb [ 200,
382 silly registry.get   { server: 'CouchDB/1.5.0 (Erlang OTP/R16B03)',
382 silly registry.get     etag: '"B24PQTDK02JPJH46CORM35DJK"',
382 silly registry.get     'content-type': 'application/json',
382 silly registry.get     'cache-control': 'max-age=60',
382 silly registry.get     'content-length': '41128',
382 silly registry.get     'accept-ranges': 'bytes',
382 silly registry.get     date: 'Thu, 10 Sep 2015 04:28:42 GMT',
382 silly registry.get     via: '1.1 varnish',
382 silly registry.get     age: '0',
382 silly registry.get     connection: 'keep-alive',
382 silly registry.get     'x-served-by': 'cache-dfw1832-DFW',
382 silly registry.get     'x-cache': 'MISS',
382 silly registry.get     'x-cache-hits': '0',
382 silly registry.get     'x-timer': 'S1441859321.856678,VS0,VE187',
382 silly registry.get     vary: 'Accept' } ]
383 silly lockFile 6b9ebfa0--underscore-underscore-1-5-2-tgz https://registry.npmjs.org/underscore/-/underscore-1.5.2.tgz
384 silly lockFile 6b9ebfa0--underscore-underscore-1-5-2-tgz https://registry.npmjs.org/underscore/-/underscore-1.5.2.tgz
385 silly addNameRange number 2 { name: 'grunt-zip', range: '>=0.7.0-0 <0.8.0-0', hasData: true }
386 silly addNameRange versions [ 'grunt-zip',
386 silly addNameRange   [ '0.1.0',
386 silly addNameRange     '0.2.0',
386 silly addNameRange     '0.3.0',
386 silly addNameRange     '0.4.0',
386 silly addNameRange     '0.4.1',
386 silly addNameRange     '0.4.2',
386 silly addNameRange     '0.5.0',
386 silly addNameRange     '0.5.1',
386 silly addNameRange     '0.6.0',
386 silly addNameRange     '0.7.0',
386 silly addNameRange     '0.8.0',
386 silly addNameRange     '0.9.0',
386 silly addNameRange     '0.9.1',
386 silly addNameRange     '0.9.2',
386 silly addNameRange     '0.10.0',
386 silly addNameRange     '0.11.0',
386 silly addNameRange     '0.12.0',
386 silly addNameRange     '0.10.2',
386 silly addNameRange     '0.13.0',
386 silly addNameRange     '0.14.0',
386 silly addNameRange     '0.15.0',
386 silly addNameRange     '0.16.0',
386 silly addNameRange     '0.16.1',
386 silly addNameRange     '0.16.2',
386 silly addNameRange     '0.17.0' ] ]
387 verbose addNamed [ 'grunt-zip', '0.7.0' ]
388 verbose addNamed [ '0.7.0', '0.7.0' ]
389 silly lockFile 27ba1571-grunt-zip-0-7-0 grunt-zip@0.7.0
390 verbose lock grunt-zip@0.7.0 /Users/cledwyn/.npm/27ba1571-grunt-zip-0-7-0.lock
391 silly lockFile 669f6cbc-underscore-1-5-2 underscore@1.5.2
392 silly lockFile 669f6cbc-underscore-1-5-2 underscore@1.5.2
393 silly lockFile d90b1381-underscore-1-5-1 underscore@~1.5.1
394 silly lockFile d90b1381-underscore-1-5-1 underscore@~1.5.1
395 silly lockFile f62f47cb-rg-grunt-zip-grunt-zip-0-7-0-tgz https://registry.npmjs.org/grunt-zip/-/grunt-zip-0.7.0.tgz
396 verbose lock https://registry.npmjs.org/grunt-zip/-/grunt-zip-0.7.0.tgz /Users/cledwyn/.npm/f62f47cb-rg-grunt-zip-grunt-zip-0-7-0-tgz.lock
397 verbose addRemoteTarball [ 'https://registry.npmjs.org/grunt-zip/-/grunt-zip-0.7.0.tgz',
397 verbose addRemoteTarball   'fa6ffda14ab9a08823523150478bc0ef63da99f6' ]
398 info retry fetch attempt 1 at 23:28:42
399 verbose fetch to= /var/folders/3t/6651d8gx22s5m5n1k02mt9xm0000gn/T/npm-7110-_QppIzbD/registry.npmjs.org/grunt-zip/-/grunt-zip-0.7.0.tgz
400 http GET https://registry.npmjs.org/grunt-zip/-/grunt-zip-0.7.0.tgz
401 http 200 https://registry.npmjs.org/grunt-contrib-connect/-/grunt-contrib-connect-0.4.2.tgz
402 silly lockFile 0b72f57c--grunt-contrib-connect-0-4-2-tgz https://registry.npmjs.org/grunt-contrib-connect/-/grunt-contrib-connect-0.4.2.tgz
403 silly lockFile 0b72f57c--grunt-contrib-connect-0-4-2-tgz https://registry.npmjs.org/grunt-contrib-connect/-/grunt-contrib-connect-0.4.2.tgz
404 silly lockFile c09f1520-grunt-contrib-connect-0-4-2 grunt-contrib-connect@0.4.2
405 silly lockFile c09f1520-grunt-contrib-connect-0-4-2 grunt-contrib-connect@0.4.2
406 silly lockFile a96a779c-grunt-contrib-connect-0-4-1 grunt-contrib-connect@~0.4.1
407 silly lockFile a96a779c-grunt-contrib-connect-0-4-1 grunt-contrib-connect@~0.4.1
408 http 200 https://registry.npmjs.org/grunt
409 silly registry.get cb [ 200,
409 silly registry.get   { server: 'CouchDB/1.5.0 (Erlang OTP/R16B03)',
409 silly registry.get     etag: '"5WUTQ2M3OI0N2ZPK1TPZ2GBFR"',
409 silly registry.get     'content-type': 'application/json',
409 silly registry.get     'cache-control': 'max-age=60',
409 silly registry.get     'content-length': '90199',
409 silly registry.get     'accept-ranges': 'bytes',
409 silly registry.get     date: 'Thu, 10 Sep 2015 04:28:42 GMT',
409 silly registry.get     via: '1.1 varnish',
409 silly registry.get     age: '0',
409 silly registry.get     connection: 'keep-alive',
409 silly registry.get     'x-served-by': 'cache-dfw1823-DFW',
409 silly registry.get     'x-cache': 'HIT',
409 silly registry.get     'x-cache-hits': '1',
409 silly registry.get     'x-timer': 'S1441859321.892722,VS0,VE270',
409 silly registry.get     vary: 'Accept' } ]
410 http 200 https://registry.npmjs.org/mustache
411 silly registry.get cb [ 200,
411 silly registry.get   { server: 'CouchDB/1.5.0 (Erlang OTP/R16B03)',
411 silly registry.get     etag: '"952KFQLMOHAMC67WN51LBNP0F"',
411 silly registry.get     'content-type': 'application/json',
411 silly registry.get     'cache-control': 'max-age=60',
411 silly registry.get     'content-length': '41619',
411 silly registry.get     'accept-ranges': 'bytes',
411 silly registry.get     date: 'Thu, 10 Sep 2015 04:28:42 GMT',
411 silly registry.get     via: '1.1 varnish',
411 silly registry.get     age: '0',
411 silly registry.get     connection: 'keep-alive',
411 silly registry.get     'x-served-by': 'cache-dfw1823-DFW',
411 silly registry.get     'x-cache': 'HIT',
411 silly registry.get     'x-cache-hits': '1',
411 silly registry.get     'x-timer': 'S1441859322.106412,VS0,VE189',
411 silly registry.get     vary: 'Accept' } ]
412 http 200 https://registry.npmjs.org/grunt-contrib-cssmin/-/grunt-contrib-cssmin-0.4.2.tgz
413 silly addNameRange number 2 { name: 'mustache', range: '>=0.7.2-0 <0.8.0-0', hasData: true }
414 silly addNameRange versions [ 'mustache',
414 silly addNameRange   [ '0.3.1-dev',
414 silly addNameRange     '0.4.0',
414 silly addNameRange     '0.5.1-dev',
414 silly addNameRange     '0.5.2',
414 silly addNameRange     '0.6.0',
414 silly addNameRange     '0.7.0',
414 silly addNameRange     '0.7.1',
414 silly addNameRange     '0.7.2',
414 silly addNameRange     '0.7.3',
414 silly addNameRange     '0.8.0',
414 silly addNameRange     '0.8.1',
414 silly addNameRange     '0.8.2',
414 silly addNameRange     '1.0.0',
414 silly addNameRange     '1.1.0',
414 silly addNameRange     '1.2.0',
414 silly addNameRange     '2.0.0',
414 silly addNameRange     '2.1.0',
414 silly addNameRange     '2.1.1',
414 silly addNameRange     '2.1.2',
414 silly addNameRange     '2.1.3' ] ]
415 verbose addNamed [ 'mustache', '0.7.3' ]
416 verbose addNamed [ '0.7.3', '0.7.3' ]
417 silly lockFile 8c1b5ee0-mustache-0-7-3 mustache@0.7.3
418 verbose lock mustache@0.7.3 /Users/cledwyn/.npm/8c1b5ee0-mustache-0-7-3.lock
419 silly addNameRange number 2 { name: 'grunt', range: '>=0.4.0-0 <0.5.0-0', hasData: true }
420 silly addNameRange versions [ 'grunt',
420 silly addNameRange   [ '0.1.0',
420 silly addNameRange     '0.1.1',
420 silly addNameRange     '0.1.2',
420 silly addNameRange     '0.2.0',
420 silly addNameRange     '0.2.1',
420 silly addNameRange     '0.2.2',
420 silly addNameRange     '0.2.3',
420 silly addNameRange     '0.2.4',
420 silly addNameRange     '0.2.5',
420 silly addNameRange     '0.2.6',
420 silly addNameRange     '0.2.7',
420 silly addNameRange     '0.2.8',
420 silly addNameRange     '0.2.9',
420 silly addNameRange     '0.2.10',
420 silly addNameRange     '0.2.11',
420 silly addNameRange     '0.2.12',
420 silly addNameRange     '0.2.13',
420 silly addNameRange     '0.2.14',
420 silly addNameRange     '0.2.15',
420 silly addNameRange     '0.3.0',
420 silly addNameRange     '0.3.1',
420 silly addNameRange     '0.3.2',
420 silly addNameRange     '0.3.3',
420 silly addNameRange     '0.3.4',
420 silly addNameRange     '0.3.5',
420 silly addNameRange     '0.3.6',
420 silly addNameRange     '0.3.7',
420 silly addNameRange     '0.3.8',
420 silly addNameRange     '0.3.9',
420 silly addNameRange     '0.3.10',
420 silly addNameRange     '0.3.11',
420 silly addNameRange     '0.3.12',
420 silly addNameRange     '0.3.13',
420 silly addNameRange     '0.3.14',
420 silly addNameRange     '0.3.15',
420 silly addNameRange     '0.3.16',
420 silly addNameRange     '0.3.17',
420 silly addNameRange     '0.4.0',
420 silly addNameRange     '0.4.1',
420 silly addNameRange     '0.4.2',
420 silly addNameRange     '0.4.3',
420 silly addNameRange     '0.4.4',
420 silly addNameRange     '0.4.5',
420 silly addNameRange     '0.3.13-a',
420 silly addNameRange     '0.4.0-a',
420 silly addNameRange     '0.4.0-rc1',
420 silly addNameRange     '0.4.0-rc2',
420 silly addNameRange     '0.4.0-rc3',
420 silly addNameRange     '0.4.0-rc4',
420 silly addNameRange     '0.4.0-rc5',
420 silly addNameRange     '0.4.0-rc6',
420 silly addNameRange     '0.4.0-rc7',
420 silly addNameRange     '0.4.0-rc8' ] ]
421 verbose addNamed [ 'grunt', '0.4.5' ]
422 verbose addNamed [ '0.4.5', '0.4.5' ]
423 silly lockFile 81abf7ad-grunt-0-4-5 grunt@0.4.5
424 verbose lock grunt@0.4.5 /Users/cledwyn/.npm/81abf7ad-grunt-0-4-5.lock
425 silly lockFile ea6cf2d1--npmjs-org-grunt-grunt-0-4-5-tgz https://registry.npmjs.org/grunt/-/grunt-0.4.5.tgz
426 verbose lock https://registry.npmjs.org/grunt/-/grunt-0.4.5.tgz /Users/cledwyn/.npm/ea6cf2d1--npmjs-org-grunt-grunt-0-4-5-tgz.lock
427 silly lockFile 16f89679--org-mustache-mustache-0-7-3-tgz https://registry.npmjs.org/mustache/-/mustache-0.7.3.tgz
428 verbose lock https://registry.npmjs.org/mustache/-/mustache-0.7.3.tgz /Users/cledwyn/.npm/16f89679--org-mustache-mustache-0-7-3-tgz.lock
429 verbose addRemoteTarball [ 'https://registry.npmjs.org/mustache/-/mustache-0.7.3.tgz',
429 verbose addRemoteTarball   '248d68d0b1050397848fa634c2446c18f30490e9' ]
430 verbose addRemoteTarball [ 'https://registry.npmjs.org/grunt/-/grunt-0.4.5.tgz',
430 verbose addRemoteTarball   '56937cd5194324adff6d207631832a9d6ba4e7f0' ]
431 info retry fetch attempt 1 at 23:28:42
432 verbose fetch to= /var/folders/3t/6651d8gx22s5m5n1k02mt9xm0000gn/T/npm-7110-_QppIzbD/registry.npmjs.org/mustache/-/mustache-0.7.3.tgz
433 info retry fetch attempt 1 at 23:28:42
434 verbose fetch to= /var/folders/3t/6651d8gx22s5m5n1k02mt9xm0000gn/T/npm-7110-_QppIzbD/registry.npmjs.org/grunt/-/grunt-0.4.5.tgz
435 http GET https://registry.npmjs.org/mustache/-/mustache-0.7.3.tgz
436 http GET https://registry.npmjs.org/grunt/-/grunt-0.4.5.tgz
437 silly lockFile dcabad90-n-grunt-contrib-cssmin-0-4-2-tgz https://registry.npmjs.org/grunt-contrib-cssmin/-/grunt-contrib-cssmin-0.4.2.tgz
438 silly lockFile dcabad90-n-grunt-contrib-cssmin-0-4-2-tgz https://registry.npmjs.org/grunt-contrib-cssmin/-/grunt-contrib-cssmin-0.4.2.tgz
439 silly lockFile 68f607db-grunt-contrib-cssmin-0-4-2 grunt-contrib-cssmin@0.4.2
440 silly lockFile 68f607db-grunt-contrib-cssmin-0-4-2 grunt-contrib-cssmin@0.4.2
441 silly lockFile dc4c5971-grunt-contrib-cssmin-0-4-1 grunt-contrib-cssmin@~0.4.1
442 silly lockFile dc4c5971-grunt-contrib-cssmin-0-4-1 grunt-contrib-cssmin@~0.4.1
443 http 200 https://registry.npmjs.org/socket.io
444 silly registry.get cb [ 200,
444 silly registry.get   { server: 'CouchDB/1.5.0 (Erlang OTP/R16B03)',
444 silly registry.get     etag: '"9BW0QR8S981YY5A68K8KBDM4M"',
444 silly registry.get     'content-type': 'application/json',
444 silly registry.get     'cache-control': 'max-age=60',
444 silly registry.get     'content-length': '113664',
444 silly registry.get     'accept-ranges': 'bytes',
444 silly registry.get     date: 'Thu, 10 Sep 2015 04:28:42 GMT',
444 silly registry.get     via: '1.1 varnish',
444 silly registry.get     age: '39',
444 silly registry.get     connection: 'keep-alive',
444 silly registry.get     'x-served-by': 'cache-dfw1827-DFW',
444 silly registry.get     'x-cache': 'HIT',
444 silly registry.get     'x-cache-hits': '1',
444 silly registry.get     'x-timer': 'S1441859322.191785,VS0,VE0',
444 silly registry.get     vary: 'Accept' } ]
445 silly addNameRange number 2 { name: 'socket.io',
445 silly addNameRange   range: '>=0.9.13-0 <0.10.0-0',
445 silly addNameRange   hasData: true }
446 silly addNameRange versions [ 'socket.io',
446 silly addNameRange   [ '0.3.8',
446 silly addNameRange     '0.4.0',
446 silly addNameRange     '0.4.1',
446 silly addNameRange     '0.5.1',
446 silly addNameRange     '0.5.3',
446 silly addNameRange     '0.6.0',
446 silly addNameRange     '0.6.1',
446 silly addNameRange     '0.6.3',
446 silly addNameRange     '0.6.4',
446 silly addNameRange     '0.6.5',
446 silly addNameRange     '0.6.6',
446 silly addNameRange     '0.6.7',
446 silly addNameRange     '0.6.8',
446 silly addNameRange     '0.6.9',
446 silly addNameRange     '0.6.10',
446 silly addNameRange     '0.6.11',
446 silly addNameRange     '0.6.12',
446 silly addNameRange     '0.6.14',
446 silly addNameRange     '0.6.15',
446 silly addNameRange     '0.6.16',
446 silly addNameRange     '0.6.17',
446 silly addNameRange     '0.6.18',
446 silly addNameRange     '0.7.0',
446 silly addNameRange     '0.7.1',
446 silly addNameRange     '0.7.2',
446 silly addNameRange     '0.7.3',
446 silly addNameRange     '0.7.4',
446 silly addNameRange     '0.7.5',
446 silly addNameRange     '0.7.6',
446 silly addNameRange     '0.7.7',
446 silly addNameRange     '0.7.8',
446 silly addNameRange     '0.7.9',
446 silly addNameRange     '0.7.10',
446 silly addNameRange     '0.7.11',
446 silly addNameRange     '0.8.0',
446 silly addNameRange     '0.8.1',
446 silly addNameRange     '0.8.2',
446 silly addNameRange     '0.8.3',
446 silly addNameRange     '0.8.4',
446 silly addNameRange     '0.8.5',
446 silly addNameRange     '0.8.6',
446 silly addNameRange     '0.8.7',
446 silly addNameRange     '0.9.0',
446 silly addNameRange     '0.9.1',
446 silly addNameRange     '0.9.1-1',
446 silly addNameRange     '0.9.2',
446 silly addNameRange     '0.9.3',
446 silly addNameRange     '0.9.4',
446 silly addNameRange     '0.9.5',
446 silly addNameRange     '0.9.6',
446 silly addNameRange     '0.9.7',
446 silly addNameRange     '0.9.8',
446 silly addNameRange     '0.9.9',
446 silly addNameRange     '0.9.10',
446 silly addNameRange     '0.9.11',
446 silly addNameRange     '0.9.12',
446 silly addNameRange     '0.9.13',
446 silly addNameRange     '0.9.14',
446 silly addNameRange     '0.9.15',
446 silly addNameRange     '0.9.16',
446 silly addNameRange     '1.0.0-pre',
446 silly addNameRange     '1.0.0-pre2',
446 silly addNameRange     '1.0.0-pre3',
446 silly addNameRange     '1.0.0-pre4',
446 silly addNameRange     '1.0.0-pre5',
446 silly addNameRange     '0.9.17',
446 silly addNameRange     '1.0.0',
446 silly addNameRange     '1.0.1',
446 silly addNameRange     '1.0.2',
446 silly addNameRange     '1.0.3',
446 silly addNameRange     '1.0.4',
446 silly addNameRange     '1.0.5',
446 silly addNameRange     '1.0.6',
446 silly addNameRange     '1.1.0',
446 silly addNameRange     '1.2.0',
446 silly addNameRange     '1.2.1',
446 silly addNameRange     '1.3.0',
446 silly addNameRange     '1.3.1',
446 silly addNameRange     '1.3.2',
446 silly addNameRange     '1.3.3',
446 silly addNameRange     '1.3.4',
446 silly addNameRange     '1.3.5',
446 silly addNameRange     '1.3.6' ] ]
447 verbose addNamed [ 'socket.io', '0.9.17' ]
448 verbose addNamed [ '0.9.17', '0.9.17' ]
449 silly lockFile 1593240a-socket-io-0-9-17 socket.io@0.9.17
450 verbose lock socket.io@0.9.17 /Users/cledwyn/.npm/1593240a-socket-io-0-9-17.lock
451 silly lockFile dc5b8fe7-g-socket-io-socket-io-0-9-17-tgz https://registry.npmjs.org/socket.io/-/socket.io-0.9.17.tgz
452 verbose lock https://registry.npmjs.org/socket.io/-/socket.io-0.9.17.tgz /Users/cledwyn/.npm/dc5b8fe7-g-socket-io-socket-io-0-9-17-tgz.lock
453 verbose addRemoteTarball [ 'https://registry.npmjs.org/socket.io/-/socket.io-0.9.17.tgz',
453 verbose addRemoteTarball   'ca389268fb2cd5df4b59218490a08c907581c9ec' ]
454 info retry fetch attempt 1 at 23:28:42
455 verbose fetch to= /var/folders/3t/6651d8gx22s5m5n1k02mt9xm0000gn/T/npm-7110-_QppIzbD/registry.npmjs.org/socket.io/-/socket.io-0.9.17.tgz
456 http GET https://registry.npmjs.org/socket.io/-/socket.io-0.9.17.tgz
457 http 200 https://registry.npmjs.org/grunt-contrib-watch/-/grunt-contrib-watch-0.5.3.tgz
458 silly lockFile 5dca6013-ch-grunt-contrib-watch-0-5-3-tgz https://registry.npmjs.org/grunt-contrib-watch/-/grunt-contrib-watch-0.5.3.tgz
459 silly lockFile 5dca6013-ch-grunt-contrib-watch-0-5-3-tgz https://registry.npmjs.org/grunt-contrib-watch/-/grunt-contrib-watch-0.5.3.tgz
460 silly lockFile d70d7cec-grunt-contrib-watch-0-5-3 grunt-contrib-watch@0.5.3
461 silly lockFile d70d7cec-grunt-contrib-watch-0-5-3 grunt-contrib-watch@0.5.3
462 silly lockFile b469febc-grunt-contrib-watch-0-5-3 grunt-contrib-watch@~0.5.3
463 silly lockFile b469febc-grunt-contrib-watch-0-5-3 grunt-contrib-watch@~0.5.3
464 http 200 https://registry.npmjs.org/grunt-contrib-sass/-/grunt-contrib-sass-0.5.1.tgz
465 silly lockFile 39d3a2d5-ass-grunt-contrib-sass-0-5-1-tgz https://registry.npmjs.org/grunt-contrib-sass/-/grunt-contrib-sass-0.5.1.tgz
466 silly lockFile 39d3a2d5-ass-grunt-contrib-sass-0-5-1-tgz https://registry.npmjs.org/grunt-contrib-sass/-/grunt-contrib-sass-0.5.1.tgz
467 silly lockFile 70d84c29-grunt-contrib-sass-0-5-1 grunt-contrib-sass@0.5.1
468 silly lockFile 70d84c29-grunt-contrib-sass-0-5-1 grunt-contrib-sass@0.5.1
469 silly lockFile 82bfa177-grunt-contrib-sass-0-5-0 grunt-contrib-sass@~0.5.0
470 silly lockFile 82bfa177-grunt-contrib-sass-0-5-0 grunt-contrib-sass@~0.5.0
471 http 200 https://registry.npmjs.org/socket.io/-/socket.io-0.9.17.tgz
472 http 200 https://registry.npmjs.org/express
473 silly registry.get cb [ 200,
473 silly registry.get   { server: 'CouchDB/1.5.0 (Erlang OTP/R16B03)',
473 silly registry.get     etag: '"EVAOD0OMNF2X2CZZ1K2657ULF"',
473 silly registry.get     'content-type': 'application/json',
473 silly registry.get     'cache-control': 'max-age=60',
473 silly registry.get     'content-length': '526727',
473 silly registry.get     'accept-ranges': 'bytes',
473 silly registry.get     date: 'Thu, 10 Sep 2015 04:28:42 GMT',
473 silly registry.get     via: '1.1 varnish',
473 silly registry.get     age: '0',
473 silly registry.get     connection: 'keep-alive',
473 silly registry.get     'x-served-by': 'cache-dfw1824-DFW',
473 silly registry.get     'x-cache': 'HIT',
473 silly registry.get     'x-cache-hits': '1',
473 silly registry.get     'x-timer': 'S1441859322.119428,VS0,VE194',
473 silly registry.get     vary: 'Accept' } ]
474 http 200 https://registry.npmjs.org/grunt-zip/-/grunt-zip-0.7.0.tgz
475 silly addNameRange number 2 { name: 'express', range: '>=2.5.9-0 <2.6.0-0', hasData: true }
476 silly addNameRange versions [ 'express',
476 silly addNameRange   [ '0.14.0',
476 silly addNameRange     '0.14.1',
476 silly addNameRange     '1.0.0',
476 silly addNameRange     '1.0.1',
476 silly addNameRange     '1.0.2',
476 silly addNameRange     '1.0.3',
476 silly addNameRange     '1.0.4',
476 silly addNameRange     '1.0.5',
476 silly addNameRange     '1.0.6',
476 silly addNameRange     '1.0.7',
476 silly addNameRange     '1.0.8',
476 silly addNameRange     '2.0.0',
476 silly addNameRange     '2.1.0',
476 silly addNameRange     '2.1.1',
476 silly addNameRange     '2.2.0',
476 silly addNameRange     '2.2.1',
476 silly addNameRange     '2.2.2',
476 silly addNameRange     '2.3.0',
476 silly addNameRange     '2.3.1',
476 silly addNameRange     '2.3.2',
476 silly addNameRange     '2.3.3',
476 silly addNameRange     '2.3.4',
476 silly addNameRange     '2.3.5',
476 silly addNameRange     '2.3.6',
476 silly addNameRange     '2.3.7',
476 silly addNameRange     '2.3.8',
476 silly addNameRange     '2.3.9',
476 silly addNameRange     '2.3.10',
476 silly addNameRange     '2.3.11',
476 silly addNameRange     '2.3.12',
476 silly addNameRange     '2.4.0',
476 silly addNameRange     '2.4.1',
476 silly addNameRange     '2.4.2',
476 silly addNameRange     '2.4.3',
476 silly addNameRange     '2.4.4',
476 silly addNameRange     '2.4.5',
476 silly addNameRange     '2.4.6',
476 silly addNameRange     '2.4.7',
476 silly addNameRange     '2.5.0',
476 silly addNameRange     '2.5.1',
476 silly addNameRange     '2.5.2',
476 silly addNameRange     '2.5.3',
476 silly addNameRange     '2.5.4',
476 silly addNameRange     '2.5.5',
476 silly addNameRange     '2.5.6',
476 silly addNameRange     '2.5.7',
476 silly addNameRange     '2.5.8',
476 silly addNameRange     '2.5.9',
476 silly addNameRange     '2.5.10',
476 silly addNameRange     '2.5.11',
476 silly addNameRange     '3.0.0',
476 silly addNameRange     '3.0.1',
476 silly addNameRange     '3.0.2',
476 silly addNameRange     '3.0.3',
476 silly addNameRange     '3.0.4',
476 silly addNameRange     '3.0.5',
476 silly addNameRange     '3.0.6',
476 silly addNameRange     '3.1.0',
476 silly addNameRange     '3.1.1',
476 silly addNameRange     '3.1.2',
476 silly addNameRange     '3.2.0',
476 silly addNameRange     '3.2.1',
476 silly addNameRange     '3.2.2',
476 silly addNameRange     '3.2.3',
476 silly addNameRange     '3.2.4',
476 silly addNameRange     '3.2.5',
476 silly addNameRange     '3.2.6',
476 silly addNameRange     '3.3.0',
476 silly addNameRange     '3.3.1',
476 silly addNameRange     '3.3.2',
476 silly addNameRange     '3.3.3',
476 silly addNameRange     '3.3.4',
476 silly addNameRange     '3.3.5',
476 silly addNameRange     '3.3.6',
476 silly addNameRange     '1.0.0-beta',
476 silly addNameRange     '1.0.0-beta2',
476 silly addNameRange     '1.0.0-rc',
476 silly addNameRange     '1.0.0-rc2',
476 silly addNameRange     '1.0.0-rc3',
476 silly addNameRange     '1.0.0-rc4',
476 silly addNameRange     '2.0.0-beta',
476 silly addNameRange     '2.0.0-beta2',
476 silly addNameRange     '2.0.0-beta3',
476 silly addNameRange     '2.0.0-rc',
476 silly addNameRange     '2.0.0-rc2',
476 silly addNameRange     '2.0.0-rc3',
476 silly addNameRange     '3.0.0-alpha1',
476 silly addNameRange     '3.0.0-alpha2',
476 silly addNameRange     '3.0.0-alpha3',
476 silly addNameRange     '3.0.0-alpha4',
476 silly addNameRange     '3.0.0-alpha5',
476 silly addNameRange     '3.0.0-beta1',
476 silly addNameRange     '3.0.0-beta2',
476 silly addNameRange     '3.0.0-beta3',
476 silly addNameRange     '3.0.0-beta4',
476 silly addNameRange     '3.0.0-beta6',
476 silly addNameRange     '3.0.0-beta7',
476 silly addNameRange     '3.0.0-rc1',
476 silly addNameRange     '3.0.0-rc2',
476 silly addNameRange     '3.0.0-rc3',
476 silly addNameRange     '3.0.0-rc4',
476 silly addNameRange     '3.0.0-rc5',
476 silly addNameRange     '3.3.7',
476 silly addNameRange     '3.3.8',
476 silly addNameRange     '3.4.0',
476 silly addNameRange     '3.4.1',
476 silly addNameRange     '3.4.2',
476 silly addNameRange     '3.4.3',
476 silly addNameRange     '3.4.4',
476 silly addNameRange     '3.4.5',
476 silly addNameRange     '3.4.6',
476 silly addNameRange     '3.4.7',
476 silly addNameRange     '3.4.8',
476 silly addNameRange     '4.0.0-rc1',
476 silly addNameRange     '4.0.0-rc2',
476 silly addNameRange     '3.5.0',
476 silly addNameRange     '4.0.0-rc3',
476 silly addNameRange     '4.0.0-rc4',
476 silly addNameRange     '3.5.1',
476 silly addNameRange     '4.0.0',
476 silly addNameRange     '3.5.2',
476 silly addNameRange     '4.1.0',
476 silly addNameRange     '4.1.1',
476 silly addNameRange     '3.5.3',
476 silly addNameRange     '4.1.2',
476 silly addNameRange     '3.6.0',
476 silly addNameRange     '4.2.0',
476 silly addNameRange     '3.7.0',
476 silly addNameRange     '3.8.0',
476 silly addNameRange     '4.3.0',
476 silly addNameRange     '4.3.1',
476 silly addNameRange     '3.8.1',
476 silly addNameRange     '4.3.2',
476 silly addNameRange     '3.9.0',
476 silly addNameRange     '4.4.0',
476 silly addNameRange     '4.4.1',
476 silly addNameRange     '3.10.0',
476 silly addNameRange     '3.10.1',
476 silly addNameRange     '3.10.2',
476 silly addNameRange     '3.10.3',
476 silly addNameRange     '3.10.4',
476 silly addNameRange     '4.4.2',
476 silly addNameRange     '3.10.5',
476 silly addNameRange     '4.4.3',
476 silly addNameRange     '3.11.0',
476 silly addNameRange     '4.4.4',
476 silly addNameRange     '3.12.0',
476 silly addNameRange     '3.12.1',
476 silly addNameRange     '4.4.5',
476 silly addNameRange     '3.13.0',
476 silly addNameRange     '4.5.0',
476 silly addNameRange     '4.5.1',
476 silly addNameRange     '3.14.0',
476 silly addNameRange     '4.6.0',
476 silly addNameRange     '4.6.1',
476 silly addNameRange     '3.15.0',
476 silly addNameRange     '4.7.0',
476 silly addNameRange     '3.15.1',
476 silly addNameRange     '4.7.1',
476 silly addNameRange     '3.15.2',
476 silly addNameRange     '4.7.2',
476 silly addNameRange     '4.7.3',
476 silly addNameRange     '3.15.3',
476 silly addNameRange     '4.7.4',
476 silly addNameRange     '3.16.0',
476 silly addNameRange     '4.8.0',
476 silly addNameRange     '3.16.1',
476 silly addNameRange     '4.8.1',
476 silly addNameRange     '3.16.2',
476 silly addNameRange     '4.8.2',
476 silly addNameRange     '3.16.3',
476 silly addNameRange     '3.16.4',
476 silly addNameRange     '4.8.3',
476 silly addNameRange     '3.16.5',
476 silly addNameRange     '3.16.6',
476 silly addNameRange     '4.8.4',
476 silly addNameRange     '3.16.7',
476 silly addNameRange     '4.8.5',
476 silly addNameRange     '3.16.8',
476 silly addNameRange     '4.8.6',
476 silly addNameRange     '3.16.9',
476 silly addNameRange     '4.8.7',
476 silly addNameRange     '3.16.10',
476 silly addNameRange     '4.8.8',
476 silly addNameRange     '3.17.0',
476 silly addNameRange     '3.17.1',
476 silly addNameRange     '4.9.0',
476 silly addNameRange     '3.17.2',
476 silly addNameRange     '4.9.1',
476 silly addNameRange     '4.9.2',
476 silly addNameRange     '3.17.3',
476 silly addNameRange     '4.9.3',
476 silly addNameRange     '3.17.4',
476 silly addNameRange     '4.9.4',
476 silly addNameRange     '3.17.5',
476 silly addNameRange     '4.9.5',
476 silly addNameRange     '3.17.6',
476 silly addNameRange     '3.17.7',
476 silly addNameRange     '4.9.6',
476 silly addNameRange     '4.9.7',
476 silly addNameRange     '3.17.8',
476 silly addNameRange     '4.9.8',
476 silly addNameRange     '3.18.0',
476 silly addNameRange     '3.18.1',
476 silly addNameRange     '4.10.0',
476 silly addNameRange     '3.18.2',
476 silly addNameRange     '4.10.1',
476 silly addNameRange     '5.0.0-alpha.1',
476 silly addNameRange     '3.18.3',
476 silly addNameRange     '4.10.2',
476 silly addNameRange     '3.18.4',
476 silly addNameRange     '4.10.3',
476 silly addNameRange     '4.10.4',
476 silly addNameRange     '4.10.5',
476 silly addNameRange     '3.18.5',
476 silly addNameRange     '3.18.6',
476 silly addNameRange     '4.10.6',
476 silly addNameRange     '4.10.7',
476 silly addNameRange     '3.19.0',
476 silly addNameRange     '4.10.8',
476 silly addNameRange     '4.11.0',
476 silly addNameRange     '3.19.1',
476 silly addNameRange     '4.11.1',
476 silly addNameRange     '3.19.2',
476 silly addNameRange     '4.11.2',
476 silly addNameRange     '3.20.0',
476 silly addNameRange     '4.12.0',
476 silly addNameRange     '3.20.1',
476 silly addNameRange     '4.12.1',
476 silly addNameRange     '4.12.2',
476 silly addNameRange     '3.20.2',
476 silly addNameRange     '4.12.3',
476 silly addNameRange     '3.20.3',
476 silly addNameRange     '4.12.4',
476 silly addNameRange     '3.21.0',
476 silly addNameRange     '4.13.0',
476 silly addNameRange     '3.21.1',
476 silly addNameRange     '4.13.1',
476 silly addNameRange     '5.0.0-alpha.2',
476 silly addNameRange     '3.21.2',
476 silly addNameRange     '4.13.2',
476 silly addNameRange     '4.13.3' ] ]
477 verbose addNamed [ 'express', '2.5.11' ]
478 verbose addNamed [ '2.5.11', '2.5.11' ]
479 silly lockFile 631042f2-express-2-5-11 express@2.5.11
480 verbose lock express@2.5.11 /Users/cledwyn/.npm/631042f2-express-2-5-11.lock
481 silly lockFile dc5b8fe7-g-socket-io-socket-io-0-9-17-tgz https://registry.npmjs.org/socket.io/-/socket.io-0.9.17.tgz
482 silly lockFile dc5b8fe7-g-socket-io-socket-io-0-9-17-tgz https://registry.npmjs.org/socket.io/-/socket.io-0.9.17.tgz
483 silly lockFile ba242734-s-org-express-express-2-5-11-tgz https://registry.npmjs.org/express/-/express-2.5.11.tgz
484 verbose lock https://registry.npmjs.org/express/-/express-2.5.11.tgz /Users/cledwyn/.npm/ba242734-s-org-express-express-2-5-11-tgz.lock
485 silly lockFile 1593240a-socket-io-0-9-17 socket.io@0.9.17
486 silly lockFile 1593240a-socket-io-0-9-17 socket.io@0.9.17
487 verbose addRemoteTarball [ 'https://registry.npmjs.org/express/-/express-2.5.11.tgz',
487 verbose addRemoteTarball   '4ce8ea1f3635e69e49f0ebb497b6a4b0a51ce6f0' ]
488 silly lockFile 729f5b40-socket-io-0-9-13 socket.io@~0.9.13
489 silly lockFile 729f5b40-socket-io-0-9-13 socket.io@~0.9.13
490 info retry fetch attempt 1 at 23:28:42
491 verbose fetch to= /var/folders/3t/6651d8gx22s5m5n1k02mt9xm0000gn/T/npm-7110-_QppIzbD/registry.npmjs.org/express/-/express-2.5.11.tgz
492 http GET https://registry.npmjs.org/express/-/express-2.5.11.tgz
493 http 200 https://registry.npmjs.org/mustache/-/mustache-0.7.3.tgz
494 http 200 https://registry.npmjs.org/grunt/-/grunt-0.4.5.tgz
495 silly lockFile ea6cf2d1--npmjs-org-grunt-grunt-0-4-5-tgz https://registry.npmjs.org/grunt/-/grunt-0.4.5.tgz
496 silly lockFile ea6cf2d1--npmjs-org-grunt-grunt-0-4-5-tgz https://registry.npmjs.org/grunt/-/grunt-0.4.5.tgz
497 silly lockFile 81abf7ad-grunt-0-4-5 grunt@0.4.5
498 silly lockFile 81abf7ad-grunt-0-4-5 grunt@0.4.5
499 silly lockFile cba964e3-grunt-0-4-0 grunt@~0.4.0
500 silly lockFile cba964e3-grunt-0-4-0 grunt@~0.4.0
501 silly lockFile 16f89679--org-mustache-mustache-0-7-3-tgz https://registry.npmjs.org/mustache/-/mustache-0.7.3.tgz
502 silly lockFile 16f89679--org-mustache-mustache-0-7-3-tgz https://registry.npmjs.org/mustache/-/mustache-0.7.3.tgz
503 silly lockFile 8c1b5ee0-mustache-0-7-3 mustache@0.7.3
504 silly lockFile 8c1b5ee0-mustache-0-7-3 mustache@0.7.3
505 silly lockFile 171b84f8-mustache-0-7-2 mustache@~0.7.2
506 silly lockFile 171b84f8-mustache-0-7-2 mustache@~0.7.2
507 silly lockFile f62f47cb-rg-grunt-zip-grunt-zip-0-7-0-tgz https://registry.npmjs.org/grunt-zip/-/grunt-zip-0.7.0.tgz
508 silly lockFile f62f47cb-rg-grunt-zip-grunt-zip-0-7-0-tgz https://registry.npmjs.org/grunt-zip/-/grunt-zip-0.7.0.tgz
509 silly lockFile 27ba1571-grunt-zip-0-7-0 grunt-zip@0.7.0
510 silly lockFile 27ba1571-grunt-zip-0-7-0 grunt-zip@0.7.0
511 silly lockFile 36198899-grunt-zip-0-7-0 grunt-zip@~0.7.0
512 silly lockFile 36198899-grunt-zip-0-7-0 grunt-zip@~0.7.0
513 http 200 https://registry.npmjs.org/express/-/express-2.5.11.tgz
514 silly lockFile ba242734-s-org-express-express-2-5-11-tgz https://registry.npmjs.org/express/-/express-2.5.11.tgz
515 silly lockFile ba242734-s-org-express-express-2-5-11-tgz https://registry.npmjs.org/express/-/express-2.5.11.tgz
516 silly lockFile 631042f2-express-2-5-11 express@2.5.11
517 silly lockFile 631042f2-express-2-5-11 express@2.5.11
518 silly lockFile 0d367583-express-2-5-9 express@~2.5.9
519 silly lockFile 0d367583-express-2-5-9 express@~2.5.9
520 error Error: EACCES, mkdir '/Users/cledwyn/.npm/underscore/1.5.2'
520 error  { [Error: EACCES, mkdir '/Users/cledwyn/.npm/underscore/1.5.2']
520 error   errno: 3,
520 error   code: 'EACCES',
520 error   path: '/Users/cledwyn/.npm/underscore/1.5.2',
520 error   parent: 'firebase-intro' }
521 error Please try running this command again as root/Administrator.
522 error System Darwin 14.5.0
523 error command "node" "/usr/local/bin/npm" "install"
524 error cwd /Users/cledwyn/Dropbox/code/demos/firebase-intro-presentation
525 error node -v v0.10.36
526 error npm -v 1.4.28
527 error path /Users/cledwyn/.npm/underscore/1.5.2
528 error code EACCES
529 error errno 3
530 error stack Error: EACCES, mkdir '/Users/cledwyn/.npm/underscore/1.5.2'
531 verbose exit [ 3, true ]
